2017-06-21 20:15:27 Error: Fatal Error (1): Call to a member function find() on boolean in [/home/gustavo/projects/thh-app-backend/src/Controller/ApiController.php, line 34]
Request URL: /users
Client IP: 127.0.0.1
Trace:
Cake\Error\BaseErrorHandler::handleFatalError() - CORE/src/Error/BaseErrorHandler.php, line 223
Cake\Error\BaseErrorHandler::Cake\Error\{closure}() - CORE/src/Error/BaseErrorHandler.php, line 105
[main] - [internal], line ??



2017-06-21 20:15:28 Error: [Cake\Error\FatalErrorException] Call to a member function find() on boolean in /home/gustavo/projects/thh-app-backend/src/Controller/ApiController.php on line 34
Request URL: /users
Client IP: 127.0.0.1
Stack Trace:
#0 /home/gustavo/projects/thh-app-backend/vendor/cakephp/cakephp/src/Error/BaseErrorHandler.php(105): Cake\Error\BaseErrorHandler->handleFatalError(1, 'Call to a membe...', '/home/gustavo/p...', 34)
#1 [internal function]: Cake\Error\BaseErrorHandler->Cake\Error\{closure}()
#2 {main}


2017-06-21 20:16:09 Error: Fatal Error (1): Call to a member function find() on boolean in [/home/gustavo/projects/thh-app-backend/src/Controller/ApiController.php, line 34]
Request URL: /users
Client IP: 127.0.0.1
Trace:
Cake\Error\BaseErrorHandler::handleFatalError() - CORE/src/Error/BaseErrorHandler.php, line 223
Cake\Error\BaseErrorHandler::Cake\Error\{closure}() - CORE/src/Error/BaseErrorHandler.php, line 105
[main] - [internal], line ??



2017-06-21 20:16:09 Error: [Cake\Error\FatalErrorException] Call to a member function find() on boolean in /home/gustavo/projects/thh-app-backend/src/Controller/ApiController.php on line 34
Request URL: /users
Client IP: 127.0.0.1
Stack Trace:
#0 /home/gustavo/projects/thh-app-backend/vendor/cakephp/cakephp/src/Error/BaseErrorHandler.php(105): Cake\Error\BaseErrorHandler->handleFatalError(1, 'Call to a membe...', '/home/gustavo/p...', 34)
#1 [internal function]: Cake\Error\BaseErrorHandler->Cake\Error\{closure}()
#2 {main}


2017-06-21 20:16:44 Error: [PDOException] SQLSTATE[HY000] [2002] No such file or directory
Request URL: /users
Stack Trace:
#0 /home/gustavo/projects/thh-app-backend/vendor/cakephp/cakephp/src/Database/Driver/PDODriverTrait.php(48): PDO->__construct('mysql:host=loca...', 'my_app', 'secret', Array)
#1 /home/gustavo/projects/thh-app-backend/vendor/cakephp/cakephp/src/Database/Driver/Mysql.php(104): Cake\Database\Driver\Mysql->_connect('mysql:host=loca...', Array)
#2 /home/gustavo/projects/thh-app-backend/vendor/cakephp/cakephp/src/Database/Schema/BaseSchema.php(45): Cake\Database\Driver\Mysql->connect()
#3 /home/gustavo/projects/thh-app-backend/vendor/cakephp/cakephp/src/Database/Dialect/MysqlDialectTrait.php(63): Cake\Database\Schema\BaseSchema->__construct(Object(Cake\Database\Driver\Mysql))
#4 /home/gustavo/projects/thh-app-backend/vendor/cakephp/cakephp/src/Database/Schema/Collection.php(52): Cake\Database\Driver\Mysql->schemaDialect()
#5 /home/gustavo/projects/thh-app-backend/vendor/cakephp/cakephp/src/Database/Schema/CachedCollection.php(42): Cake\Database\Schema\Collection->__construct(Object(Cake\Database\Connection))
#6 /home/gustavo/projects/thh-app-backend/vendor/cakephp/cakephp/src/Database/Connection.php(365): Cake\Database\Schema\CachedCollection->__construct(Object(Cake\Database\Connection), true)
#7 /home/gustavo/projects/thh-app-backend/vendor/cakephp/cakephp/src/ORM/Table.php(530): Cake\Database\Connection->getSchemaCollection()
#8 /home/gustavo/projects/thh-app-backend/vendor/cakephp/cakephp/src/ORM/Query.php(210): Cake\ORM\Table->getSchema()
#9 /home/gustavo/projects/thh-app-backend/vendor/cakephp/cakephp/src/ORM/Query.php(167): Cake\ORM\Query->addDefaultTypes(Object(Cake\ORM\Table))
#10 /home/gustavo/projects/thh-app-backend/vendor/cakephp/cakephp/src/ORM/Table.php(1569): Cake\ORM\Query->__construct(Object(Cake\Database\Connection), Object(Cake\ORM\Table))
#11 /home/gustavo/projects/thh-app-backend/vendor/cakephp/cakephp/src/ORM/Table.php(1171): Cake\ORM\Table->query()
#12 /home/gustavo/projects/thh-app-backend/src/Controller/ApiController.php(35): Cake\ORM\Table->find('all')
#13 /home/gustavo/projects/thh-app-backend/vendor/cakephp/cakephp/src/Controller/Controller.php(440): App\Controller\ApiController->index()
#14 /home/gustavo/projects/thh-app-backend/vendor/cakephp/cakephp/src/Http/ActionDispatcher.php(119): Cake\Controller\Controller->invokeAction()
#15 /home/gustavo/projects/thh-app-backend/vendor/cakephp/cakephp/src/Http/ActionDispatcher.php(93): Cake\Http\ActionDispatcher->_invoke(Object(App\Controller\ApiController))
#16 /home/gustavo/projects/thh-app-backend/vendor/cakephp/cakephp/src/Http/BaseApplication.php(78): Cake\Http\ActionDispatcher->dispatch(Object(Cake\Http\ServerRequest), Object(Cake\Http\Response))
#17 /home/gustavo/projects/thh-app-backend/vendor/cakephp/cakephp/src/Http/Runner.php(65): Cake\Http\BaseApplication->__invoke(Object(Cake\Http\ServerRequest), Object(Cake\Http\Response), Object(Cake\Http\Runner))
#18 /home/gustavo/projects/thh-app-backend/vendor/cakephp/cakephp/src/Routing/Middleware/RoutingMiddleware.php(59): Cake\Http\Runner->__invoke(Object(Cake\Http\ServerRequest), Object(Cake\Http\Response))
#19 /home/gustavo/projects/thh-app-backend/vendor/cakephp/cakephp/src/Http/Runner.php(65): Cake\Routing\Middleware\RoutingMiddleware->__invoke(Object(Cake\Http\ServerRequest), Object(Cake\Http\Response), Object(Cake\Http\Runner))
#20 /home/gustavo/projects/thh-app-backend/vendor/cakephp/cakephp/src/Routing/Middleware/AssetMiddleware.php(88): Cake\Http\Runner->__invoke(Object(Cake\Http\ServerRequest), Object(Cake\Http\Response))
#21 /home/gustavo/projects/thh-app-backend/vendor/cakephp/cakephp/src/Http/Runner.php(65): Cake\Routing\Middleware\AssetMiddleware->__invoke(Object(Cake\Http\ServerRequest), Object(Cake\Http\Response), Object(Cake\Http\Runner))
#22 /home/gustavo/projects/thh-app-backend/vendor/cakephp/cakephp/src/Error/Middleware/ErrorHandlerMiddleware.php(92): Cake\Http\Runner->__invoke(Object(Cake\Http\ServerRequest), Object(Cake\Http\Response))
#23 /home/gustavo/projects/thh-app-backend/vendor/cakephp/cakephp/src/Http/Runner.php(65): Cake\Error\Middleware\ErrorHandlerMiddleware->__invoke(Object(Cake\Http\ServerRequest), Object(Cake\Http\Response), Object(Cake\Http\Runner))
#24 /home/gustavo/projects/thh-app-backend/vendor/cakephp/debug_kit/src/Middleware/DebugKitMiddleware.php(52): Cake\Http\Runner->__invoke(Object(Cake\Http\ServerRequest), Object(Cake\Http\Response))
#25 /home/gustavo/projects/thh-app-backend/vendor/cakephp/cakephp/src/Http/Runner.php(65): DebugKit\Middleware\DebugKitMiddleware->__invoke(Object(Cake\Http\ServerRequest), Object(Cake\Http\Response), Object(Cake\Http\Runner))
#26 /home/gustavo/projects/thh-app-backend/vendor/cakephp/cakephp/src/Http/Runner.php(51): Cake\Http\Runner->__invoke(Object(Cake\Http\ServerRequest), Object(Cake\Http\Response))
#27 /home/gustavo/projects/thh-app-backend/vendor/cakephp/cakephp/src/Http/Server.php(80): Cake\Http\Runner->run(Object(Cake\Http\MiddlewareQueue), Object(Cake\Http\ServerRequest), Object(Cake\Http\Response))
#28 /home/gustavo/projects/thh-app-backend/webroot/index.php(37): Cake\Http\Server->run()
#29 {main}


2017-06-21 20:18:12 Error: [PDOException] SQLSTATE[HY000] [2002] No such file or directory
Request URL: /users
Stack Trace:
#0 /home/gustavo/projects/thh-app-backend/vendor/cakephp/cakephp/src/Database/Driver/PDODriverTrait.php(48): PDO->__construct('mysql:host=loca...', 'my_app', 'secret', Array)
#1 /home/gustavo/projects/thh-app-backend/vendor/cakephp/cakephp/src/Database/Driver/Mysql.php(104): Cake\Database\Driver\Mysql->_connect('mysql:host=loca...', Array)
#2 /home/gustavo/projects/thh-app-backend/vendor/cakephp/cakephp/src/Database/Schema/BaseSchema.php(45): Cake\Database\Driver\Mysql->connect()
#3 /home/gustavo/projects/thh-app-backend/vendor/cakephp/cakephp/src/Database/Dialect/MysqlDialectTrait.php(63): Cake\Database\Schema\BaseSchema->__construct(Object(Cake\Database\Driver\Mysql))
#4 /home/gustavo/projects/thh-app-backend/vendor/cakephp/cakephp/src/Database/Schema/Collection.php(52): Cake\Database\Driver\Mysql->schemaDialect()
#5 /home/gustavo/projects/thh-app-backend/vendor/cakephp/cakephp/src/Database/Schema/CachedCollection.php(42): Cake\Database\Schema\Collection->__construct(Object(Cake\Database\Connection))
#6 /home/gustavo/projects/thh-app-backend/vendor/cakephp/cakephp/src/Database/Connection.php(365): Cake\Database\Schema\CachedCollection->__construct(Object(Cake\Database\Connection), true)
#7 /home/gustavo/projects/thh-app-backend/vendor/cakephp/cakephp/src/ORM/Table.php(530): Cake\Database\Connection->getSchemaCollection()
#8 /home/gustavo/projects/thh-app-backend/vendor/cakephp/cakephp/src/ORM/Query.php(210): Cake\ORM\Table->getSchema()
#9 /home/gustavo/projects/thh-app-backend/vendor/cakephp/cakephp/src/ORM/Query.php(167): Cake\ORM\Query->addDefaultTypes(Object(Cake\ORM\Table))
#10 /home/gustavo/projects/thh-app-backend/vendor/cakephp/cakephp/src/ORM/Table.php(1569): Cake\ORM\Query->__construct(Object(Cake\Database\Connection), Object(Cake\ORM\Table))
#11 /home/gustavo/projects/thh-app-backend/vendor/cakephp/cakephp/src/ORM/Table.php(1171): Cake\ORM\Table->query()
#12 /home/gustavo/projects/thh-app-backend/src/Controller/ApiController.php(41): Cake\ORM\Table->find('all')
#13 /home/gustavo/projects/thh-app-backend/vendor/cakephp/cakephp/src/Controller/Controller.php(440): App\Controller\ApiController->index()
#14 /home/gustavo/projects/thh-app-backend/vendor/cakephp/cakephp/src/Http/ActionDispatcher.php(119): Cake\Controller\Controller->invokeAction()
#15 /home/gustavo/projects/thh-app-backend/vendor/cakephp/cakephp/src/Http/ActionDispatcher.php(93): Cake\Http\ActionDispatcher->_invoke(Object(App\Controller\ApiController))
#16 /home/gustavo/projects/thh-app-backend/vendor/cakephp/cakephp/src/Http/BaseApplication.php(78): Cake\Http\ActionDispatcher->dispatch(Object(Cake\Http\ServerRequest), Object(Cake\Http\Response))
#17 /home/gustavo/projects/thh-app-backend/vendor/cakephp/cakephp/src/Http/Runner.php(65): Cake\Http\BaseApplication->__invoke(Object(Cake\Http\ServerRequest), Object(Cake\Http\Response), Object(Cake\Http\Runner))
#18 /home/gustavo/projects/thh-app-backend/vendor/cakephp/cakephp/src/Routing/Middleware/RoutingMiddleware.php(59): Cake\Http\Runner->__invoke(Object(Cake\Http\ServerRequest), Object(Cake\Http\Response))
#19 /home/gustavo/projects/thh-app-backend/vendor/cakephp/cakephp/src/Http/Runner.php(65): Cake\Routing\Middleware\RoutingMiddleware->__invoke(Object(Cake\Http\ServerRequest), Object(Cake\Http\Response), Object(Cake\Http\Runner))
#20 /home/gustavo/projects/thh-app-backend/vendor/cakephp/cakephp/src/Routing/Middleware/AssetMiddleware.php(88): Cake\Http\Runner->__invoke(Object(Cake\Http\ServerRequest), Object(Cake\Http\Response))
#21 /home/gustavo/projects/thh-app-backend/vendor/cakephp/cakephp/src/Http/Runner.php(65): Cake\Routing\Middleware\AssetMiddleware->__invoke(Object(Cake\Http\ServerRequest), Object(Cake\Http\Response), Object(Cake\Http\Runner))
#22 /home/gustavo/projects/thh-app-backend/vendor/cakephp/cakephp/src/Error/Middleware/ErrorHandlerMiddleware.php(92): Cake\Http\Runner->__invoke(Object(Cake\Http\ServerRequest), Object(Cake\Http\Response))
#23 /home/gustavo/projects/thh-app-backend/vendor/cakephp/cakephp/src/Http/Runner.php(65): Cake\Error\Middleware\ErrorHandlerMiddleware->__invoke(Object(Cake\Http\ServerRequest), Object(Cake\Http\Response), Object(Cake\Http\Runner))
#24 /home/gustavo/projects/thh-app-backend/vendor/cakephp/debug_kit/src/Middleware/DebugKitMiddleware.php(52): Cake\Http\Runner->__invoke(Object(Cake\Http\ServerRequest), Object(Cake\Http\Response))
#25 /home/gustavo/projects/thh-app-backend/vendor/cakephp/cakephp/src/Http/Runner.php(65): DebugKit\Middleware\DebugKitMiddleware->__invoke(Object(Cake\Http\ServerRequest), Object(Cake\Http\Response), Object(Cake\Http\Runner))
#26 /home/gustavo/projects/thh-app-backend/vendor/cakephp/cakephp/src/Http/Runner.php(51): Cake\Http\Runner->__invoke(Object(Cake\Http\ServerRequest), Object(Cake\Http\Response))
#27 /home/gustavo/projects/thh-app-backend/vendor/cakephp/cakephp/src/Http/Server.php(80): Cake\Http\Runner->run(Object(Cake\Http\MiddlewareQueue), Object(Cake\Http\ServerRequest), Object(Cake\Http\Response))
#28 /home/gustavo/projects/thh-app-backend/webroot/index.php(37): Cake\Http\Server->run()
#29 {main}


2017-06-21 20:18:50 Error: [PDOException] SQLSTATE[HY000] [2002] No such file or directory
Request URL: /users
Stack Trace:
#0 /home/gustavo/projects/thh-app-backend/vendor/cakephp/cakephp/src/Database/Driver/PDODriverTrait.php(48): PDO->__construct('mysql:host=loca...', 'root', '123', Array)
#1 /home/gustavo/projects/thh-app-backend/vendor/cakephp/cakephp/src/Database/Driver/Mysql.php(104): Cake\Database\Driver\Mysql->_connect('mysql:host=loca...', Array)
#2 /home/gustavo/projects/thh-app-backend/vendor/cakephp/cakephp/src/Database/Schema/BaseSchema.php(45): Cake\Database\Driver\Mysql->connect()
#3 /home/gustavo/projects/thh-app-backend/vendor/cakephp/cakephp/src/Database/Dialect/MysqlDialectTrait.php(63): Cake\Database\Schema\BaseSchema->__construct(Object(Cake\Database\Driver\Mysql))
#4 /home/gustavo/projects/thh-app-backend/vendor/cakephp/cakephp/src/Database/Schema/Collection.php(52): Cake\Database\Driver\Mysql->schemaDialect()
#5 /home/gustavo/projects/thh-app-backend/vendor/cakephp/cakephp/src/Database/Schema/CachedCollection.php(42): Cake\Database\Schema\Collection->__construct(Object(Cake\Database\Connection))
#6 /home/gustavo/projects/thh-app-backend/vendor/cakephp/cakephp/src/Database/Connection.php(365): Cake\Database\Schema\CachedCollection->__construct(Object(Cake\Database\Connection), true)
#7 /home/gustavo/projects/thh-app-backend/vendor/cakephp/cakephp/src/ORM/Table.php(530): Cake\Database\Connection->getSchemaCollection()
#8 /home/gustavo/projects/thh-app-backend/vendor/cakephp/cakephp/src/ORM/Query.php(210): Cake\ORM\Table->getSchema()
#9 /home/gustavo/projects/thh-app-backend/vendor/cakephp/cakephp/src/ORM/Query.php(167): Cake\ORM\Query->addDefaultTypes(Object(Cake\ORM\Table))
#10 /home/gustavo/projects/thh-app-backend/vendor/cakephp/cakephp/src/ORM/Table.php(1569): Cake\ORM\Query->__construct(Object(Cake\Database\Connection), Object(Cake\ORM\Table))
#11 /home/gustavo/projects/thh-app-backend/vendor/cakephp/cakephp/src/ORM/Table.php(1171): Cake\ORM\Table->query()
#12 /home/gustavo/projects/thh-app-backend/src/Controller/ApiController.php(41): Cake\ORM\Table->find('all')
#13 /home/gustavo/projects/thh-app-backend/vendor/cakephp/cakephp/src/Controller/Controller.php(440): App\Controller\ApiController->index()
#14 /home/gustavo/projects/thh-app-backend/vendor/cakephp/cakephp/src/Http/ActionDispatcher.php(119): Cake\Controller\Controller->invokeAction()
#15 /home/gustavo/projects/thh-app-backend/vendor/cakephp/cakephp/src/Http/ActionDispatcher.php(93): Cake\Http\ActionDispatcher->_invoke(Object(App\Controller\ApiController))
#16 /home/gustavo/projects/thh-app-backend/vendor/cakephp/cakephp/src/Http/BaseApplication.php(78): Cake\Http\ActionDispatcher->dispatch(Object(Cake\Http\ServerRequest), Object(Cake\Http\Response))
#17 /home/gustavo/projects/thh-app-backend/vendor/cakephp/cakephp/src/Http/Runner.php(65): Cake\Http\BaseApplication->__invoke(Object(Cake\Http\ServerRequest), Object(Cake\Http\Response), Object(Cake\Http\Runner))
#18 /home/gustavo/projects/thh-app-backend/vendor/cakephp/cakephp/src/Routing/Middleware/RoutingMiddleware.php(59): Cake\Http\Runner->__invoke(Object(Cake\Http\ServerRequest), Object(Cake\Http\Response))
#19 /home/gustavo/projects/thh-app-backend/vendor/cakephp/cakephp/src/Http/Runner.php(65): Cake\Routing\Middleware\RoutingMiddleware->__invoke(Object(Cake\Http\ServerRequest), Object(Cake\Http\Response), Object(Cake\Http\Runner))
#20 /home/gustavo/projects/thh-app-backend/vendor/cakephp/cakephp/src/Routing/Middleware/AssetMiddleware.php(88): Cake\Http\Runner->__invoke(Object(Cake\Http\ServerRequest), Object(Cake\Http\Response))
#21 /home/gustavo/projects/thh-app-backend/vendor/cakephp/cakephp/src/Http/Runner.php(65): Cake\Routing\Middleware\AssetMiddleware->__invoke(Object(Cake\Http\ServerRequest), Object(Cake\Http\Response), Object(Cake\Http\Runner))
#22 /home/gustavo/projects/thh-app-backend/vendor/cakephp/cakephp/src/Error/Middleware/ErrorHandlerMiddleware.php(92): Cake\Http\Runner->__invoke(Object(Cake\Http\ServerRequest), Object(Cake\Http\Response))
#23 /home/gustavo/projects/thh-app-backend/vendor/cakephp/cakephp/src/Http/Runner.php(65): Cake\Error\Middleware\ErrorHandlerMiddleware->__invoke(Object(Cake\Http\ServerRequest), Object(Cake\Http\Response), Object(Cake\Http\Runner))
#24 /home/gustavo/projects/thh-app-backend/vendor/cakephp/debug_kit/src/Middleware/DebugKitMiddleware.php(52): Cake\Http\Runner->__invoke(Object(Cake\Http\ServerRequest), Object(Cake\Http\Response))
#25 /home/gustavo/projects/thh-app-backend/vendor/cakephp/cakephp/src/Http/Runner.php(65): DebugKit\Middleware\DebugKitMiddleware->__invoke(Object(Cake\Http\ServerRequest), Object(Cake\Http\Response), Object(Cake\Http\Runner))
#26 /home/gustavo/projects/thh-app-backend/vendor/cakephp/cakephp/src/Http/Runner.php(51): Cake\Http\Runner->__invoke(Object(Cake\Http\ServerRequest), Object(Cake\Http\Response))
#27 /home/gustavo/projects/thh-app-backend/vendor/cakephp/cakephp/src/Http/Server.php(80): Cake\Http\Runner->run(Object(Cake\Http\MiddlewareQueue), Object(Cake\Http\ServerRequest), Object(Cake\Http\Response))
#28 /home/gustavo/projects/thh-app-backend/webroot/index.php(37): Cake\Http\Server->run()
#29 {main}


2017-06-21 20:20:56 Error: [PDOException] SQLSTATE[HY000] [2002] No such file or directory
Request URL: /users
Stack Trace:
#0 /home/gustavo/projects/thh-app-backend/vendor/cakephp/cakephp/src/Database/Driver/PDODriverTrait.php(48): PDO->__construct('mysql:host=loca...', 'root', '123', Array)
#1 /home/gustavo/projects/thh-app-backend/vendor/cakephp/cakephp/src/Database/Driver/Mysql.php(104): Cake\Database\Driver\Mysql->_connect('mysql:host=loca...', Array)
#2 /home/gustavo/projects/thh-app-backend/vendor/cakephp/cakephp/src/Database/Schema/BaseSchema.php(45): Cake\Database\Driver\Mysql->connect()
#3 /home/gustavo/projects/thh-app-backend/vendor/cakephp/cakephp/src/Database/Dialect/MysqlDialectTrait.php(63): Cake\Database\Schema\BaseSchema->__construct(Object(Cake\Database\Driver\Mysql))
#4 /home/gustavo/projects/thh-app-backend/vendor/cakephp/cakephp/src/Database/Schema/Collection.php(52): Cake\Database\Driver\Mysql->schemaDialect()
#5 /home/gustavo/projects/thh-app-backend/vendor/cakephp/cakephp/src/Database/Schema/CachedCollection.php(42): Cake\Database\Schema\Collection->__construct(Object(Cake\Database\Connection))
#6 /home/gustavo/projects/thh-app-backend/vendor/cakephp/cakephp/src/Database/Connection.php(365): Cake\Database\Schema\CachedCollection->__construct(Object(Cake\Database\Connection), true)
#7 /home/gustavo/projects/thh-app-backend/vendor/cakephp/cakephp/src/ORM/Table.php(530): Cake\Database\Connection->getSchemaCollection()
#8 /home/gustavo/projects/thh-app-backend/vendor/cakephp/cakephp/src/ORM/Query.php(210): Cake\ORM\Table->getSchema()
#9 /home/gustavo/projects/thh-app-backend/vendor/cakephp/cakephp/src/ORM/Query.php(167): Cake\ORM\Query->addDefaultTypes(Object(Cake\ORM\Table))
#10 /home/gustavo/projects/thh-app-backend/vendor/cakephp/cakephp/src/ORM/Table.php(1569): Cake\ORM\Query->__construct(Object(Cake\Database\Connection), Object(Cake\ORM\Table))
#11 /home/gustavo/projects/thh-app-backend/vendor/cakephp/cakephp/src/ORM/Table.php(1171): Cake\ORM\Table->query()
#12 /home/gustavo/projects/thh-app-backend/src/Controller/ApiController.php(41): Cake\ORM\Table->find('all')
#13 /home/gustavo/projects/thh-app-backend/vendor/cakephp/cakephp/src/Controller/Controller.php(440): App\Controller\ApiController->index()
#14 /home/gustavo/projects/thh-app-backend/vendor/cakephp/cakephp/src/Http/ActionDispatcher.php(119): Cake\Controller\Controller->invokeAction()
#15 /home/gustavo/projects/thh-app-backend/vendor/cakephp/cakephp/src/Http/ActionDispatcher.php(93): Cake\Http\ActionDispatcher->_invoke(Object(App\Controller\ApiController))
#16 /home/gustavo/projects/thh-app-backend/vendor/cakephp/cakephp/src/Http/BaseApplication.php(78): Cake\Http\ActionDispatcher->dispatch(Object(Cake\Http\ServerRequest), Object(Cake\Http\Response))
#17 /home/gustavo/projects/thh-app-backend/vendor/cakephp/cakephp/src/Http/Runner.php(65): Cake\Http\BaseApplication->__invoke(Object(Cake\Http\ServerRequest), Object(Cake\Http\Response), Object(Cake\Http\Runner))
#18 /home/gustavo/projects/thh-app-backend/vendor/cakephp/cakephp/src/Routing/Middleware/RoutingMiddleware.php(59): Cake\Http\Runner->__invoke(Object(Cake\Http\ServerRequest), Object(Cake\Http\Response))
#19 /home/gustavo/projects/thh-app-backend/vendor/cakephp/cakephp/src/Http/Runner.php(65): Cake\Routing\Middleware\RoutingMiddleware->__invoke(Object(Cake\Http\ServerRequest), Object(Cake\Http\Response), Object(Cake\Http\Runner))
#20 /home/gustavo/projects/thh-app-backend/vendor/cakephp/cakephp/src/Routing/Middleware/AssetMiddleware.php(88): Cake\Http\Runner->__invoke(Object(Cake\Http\ServerRequest), Object(Cake\Http\Response))
#21 /home/gustavo/projects/thh-app-backend/vendor/cakephp/cakephp/src/Http/Runner.php(65): Cake\Routing\Middleware\AssetMiddleware->__invoke(Object(Cake\Http\ServerRequest), Object(Cake\Http\Response), Object(Cake\Http\Runner))
#22 /home/gustavo/projects/thh-app-backend/vendor/cakephp/cakephp/src/Error/Middleware/ErrorHandlerMiddleware.php(92): Cake\Http\Runner->__invoke(Object(Cake\Http\ServerRequest), Object(Cake\Http\Response))
#23 /home/gustavo/projects/thh-app-backend/vendor/cakephp/cakephp/src/Http/Runner.php(65): Cake\Error\Middleware\ErrorHandlerMiddleware->__invoke(Object(Cake\Http\ServerRequest), Object(Cake\Http\Response), Object(Cake\Http\Runner))
#24 /home/gustavo/projects/thh-app-backend/vendor/cakephp/debug_kit/src/Middleware/DebugKitMiddleware.php(52): Cake\Http\Runner->__invoke(Object(Cake\Http\ServerRequest), Object(Cake\Http\Response))
#25 /home/gustavo/projects/thh-app-backend/vendor/cakephp/cakephp/src/Http/Runner.php(65): DebugKit\Middleware\DebugKitMiddleware->__invoke(Object(Cake\Http\ServerRequest), Object(Cake\Http\Response), Object(Cake\Http\Runner))
#26 /home/gustavo/projects/thh-app-backend/vendor/cakephp/cakephp/src/Http/Runner.php(51): Cake\Http\Runner->__invoke(Object(Cake\Http\ServerRequest), Object(Cake\Http\Response))
#27 /home/gustavo/projects/thh-app-backend/vendor/cakephp/cakephp/src/Http/Server.php(80): Cake\Http\Runner->run(Object(Cake\Http\MiddlewareQueue), Object(Cake\Http\ServerRequest), Object(Cake\Http\Response))
#28 /home/gustavo/projects/thh-app-backend/webroot/index.php(37): Cake\Http\Server->run()
#29 {main}


2017-06-21 20:22:58 Error: [PDOException] SQLSTATE[HY000] [2002] No such file or directory
Request URL: /users
Stack Trace:
#0 /home/gustavo/projects/thh-app-backend/vendor/cakephp/cakephp/src/Database/Driver/PDODriverTrait.php(48): PDO->__construct('mysql:host=loca...', 'root', '123', Array)
#1 /home/gustavo/projects/thh-app-backend/vendor/cakephp/cakephp/src/Database/Driver/Mysql.php(104): Cake\Database\Driver\Mysql->_connect('mysql:host=loca...', Array)
#2 /home/gustavo/projects/thh-app-backend/vendor/cakephp/cakephp/src/Database/Schema/BaseSchema.php(45): Cake\Database\Driver\Mysql->connect()
#3 /home/gustavo/projects/thh-app-backend/vendor/cakephp/cakephp/src/Database/Dialect/MysqlDialectTrait.php(63): Cake\Database\Schema\BaseSchema->__construct(Object(Cake\Database\Driver\Mysql))
#4 /home/gustavo/projects/thh-app-backend/vendor/cakephp/cakephp/src/Database/Schema/Collection.php(52): Cake\Database\Driver\Mysql->schemaDialect()
#5 /home/gustavo/projects/thh-app-backend/vendor/cakephp/cakephp/src/Database/Schema/CachedCollection.php(42): Cake\Database\Schema\Collection->__construct(Object(Cake\Database\Connection))
#6 /home/gustavo/projects/thh-app-backend/vendor/cakephp/cakephp/src/Database/Connection.php(365): Cake\Database\Schema\CachedCollection->__construct(Object(Cake\Database\Connection), true)
#7 /home/gustavo/projects/thh-app-backend/vendor/cakephp/cakephp/src/ORM/Table.php(530): Cake\Database\Connection->getSchemaCollection()
#8 /home/gustavo/projects/thh-app-backend/vendor/cakephp/cakephp/src/ORM/Query.php(210): Cake\ORM\Table->getSchema()
#9 /home/gustavo/projects/thh-app-backend/vendor/cakephp/cakephp/src/ORM/Query.php(167): Cake\ORM\Query->addDefaultTypes(Object(App\Model\Table\UsersTable))
#10 /home/gustavo/projects/thh-app-backend/vendor/cakephp/cakephp/src/ORM/Table.php(1569): Cake\ORM\Query->__construct(Object(Cake\Database\Connection), Object(App\Model\Table\UsersTable))
#11 /home/gustavo/projects/thh-app-backend/vendor/cakephp/cakephp/src/ORM/Table.php(1171): Cake\ORM\Table->query()
#12 /home/gustavo/projects/thh-app-backend/src/Controller/ApiController.php(41): Cake\ORM\Table->find('all')
#13 /home/gustavo/projects/thh-app-backend/vendor/cakephp/cakephp/src/Controller/Controller.php(440): App\Controller\ApiController->index()
#14 /home/gustavo/projects/thh-app-backend/vendor/cakephp/cakephp/src/Http/ActionDispatcher.php(119): Cake\Controller\Controller->invokeAction()
#15 /home/gustavo/projects/thh-app-backend/vendor/cakephp/cakephp/src/Http/ActionDispatcher.php(93): Cake\Http\ActionDispatcher->_invoke(Object(App\Controller\ApiController))
#16 /home/gustavo/projects/thh-app-backend/vendor/cakephp/cakephp/src/Http/BaseApplication.php(78): Cake\Http\ActionDispatcher->dispatch(Object(Cake\Http\ServerRequest), Object(Cake\Http\Response))
#17 /home/gustavo/projects/thh-app-backend/vendor/cakephp/cakephp/src/Http/Runner.php(65): Cake\Http\BaseApplication->__invoke(Object(Cake\Http\ServerRequest), Object(Cake\Http\Response), Object(Cake\Http\Runner))
#18 /home/gustavo/projects/thh-app-backend/vendor/cakephp/cakephp/src/Routing/Middleware/RoutingMiddleware.php(59): Cake\Http\Runner->__invoke(Object(Cake\Http\ServerRequest), Object(Cake\Http\Response))
#19 /home/gustavo/projects/thh-app-backend/vendor/cakephp/cakephp/src/Http/Runner.php(65): Cake\Routing\Middleware\RoutingMiddleware->__invoke(Object(Cake\Http\ServerRequest), Object(Cake\Http\Response), Object(Cake\Http\Runner))
#20 /home/gustavo/projects/thh-app-backend/vendor/cakephp/cakephp/src/Routing/Middleware/AssetMiddleware.php(88): Cake\Http\Runner->__invoke(Object(Cake\Http\ServerRequest), Object(Cake\Http\Response))
#21 /home/gustavo/projects/thh-app-backend/vendor/cakephp/cakephp/src/Http/Runner.php(65): Cake\Routing\Middleware\AssetMiddleware->__invoke(Object(Cake\Http\ServerRequest), Object(Cake\Http\Response), Object(Cake\Http\Runner))
#22 /home/gustavo/projects/thh-app-backend/vendor/cakephp/cakephp/src/Error/Middleware/ErrorHandlerMiddleware.php(92): Cake\Http\Runner->__invoke(Object(Cake\Http\ServerRequest), Object(Cake\Http\Response))
#23 /home/gustavo/projects/thh-app-backend/vendor/cakephp/cakephp/src/Http/Runner.php(65): Cake\Error\Middleware\ErrorHandlerMiddleware->__invoke(Object(Cake\Http\ServerRequest), Object(Cake\Http\Response), Object(Cake\Http\Runner))
#24 /home/gustavo/projects/thh-app-backend/vendor/cakephp/debug_kit/src/Middleware/DebugKitMiddleware.php(52): Cake\Http\Runner->__invoke(Object(Cake\Http\ServerRequest), Object(Cake\Http\Response))
#25 /home/gustavo/projects/thh-app-backend/vendor/cakephp/cakephp/src/Http/Runner.php(65): DebugKit\Middleware\DebugKitMiddleware->__invoke(Object(Cake\Http\ServerRequest), Object(Cake\Http\Response), Object(Cake\Http\Runner))
#26 /home/gustavo/projects/thh-app-backend/vendor/cakephp/cakephp/src/Http/Runner.php(51): Cake\Http\Runner->__invoke(Object(Cake\Http\ServerRequest), Object(Cake\Http\Response))
#27 /home/gustavo/projects/thh-app-backend/vendor/cakephp/cakephp/src/Http/Server.php(80): Cake\Http\Runner->run(Object(Cake\Http\MiddlewareQueue), Object(Cake\Http\ServerRequest), Object(Cake\Http\Response))
#28 /home/gustavo/projects/thh-app-backend/webroot/index.php(37): Cake\Http\Server->run()
#29 {main}


2017-06-21 20:23:16 Error: Fatal Error (4): syntax error, unexpected '}' in [/home/gustavo/projects/thh-app-backend/src/Model/Table/UsersTable.php, line 29]
Request URL: /users
Client IP: 127.0.0.1
Trace:
Cake\Error\BaseErrorHandler::handleFatalError() - CORE/src/Error/BaseErrorHandler.php, line 223
Cake\Error\BaseErrorHandler::Cake\Error\{closure}() - CORE/src/Error/BaseErrorHandler.php, line 105
[main] - [internal], line ??



2017-06-21 20:23:16 Error: [Cake\Error\FatalErrorException] syntax error, unexpected '}' in /home/gustavo/projects/thh-app-backend/src/Model/Table/UsersTable.php on line 29
Request URL: /users
Client IP: 127.0.0.1
Stack Trace:
#0 /home/gustavo/projects/thh-app-backend/vendor/cakephp/cakephp/src/Error/BaseErrorHandler.php(105): Cake\Error\BaseErrorHandler->handleFatalError(4, 'syntax error, u...', '/home/gustavo/p...', 29)
#1 [internal function]: Cake\Error\BaseErrorHandler->Cake\Error\{closure}()
#2 {main}


2017-06-21 20:23:24 Error: [PDOException] SQLSTATE[HY000] [2002] No such file or directory
Request URL: /users
Stack Trace:
#0 /home/gustavo/projects/thh-app-backend/vendor/cakephp/cakephp/src/Database/Driver/PDODriverTrait.php(48): PDO->__construct('mysql:host=loca...', 'root', '123', Array)
#1 /home/gustavo/projects/thh-app-backend/vendor/cakephp/cakephp/src/Database/Driver/Mysql.php(104): Cake\Database\Driver\Mysql->_connect('mysql:host=loca...', Array)
#2 /home/gustavo/projects/thh-app-backend/vendor/cakephp/cakephp/src/Database/Schema/BaseSchema.php(45): Cake\Database\Driver\Mysql->connect()
#3 /home/gustavo/projects/thh-app-backend/vendor/cakephp/cakephp/src/Database/Dialect/MysqlDialectTrait.php(63): Cake\Database\Schema\BaseSchema->__construct(Object(Cake\Database\Driver\Mysql))
#4 /home/gustavo/projects/thh-app-backend/vendor/cakephp/cakephp/src/Database/Schema/Collection.php(52): Cake\Database\Driver\Mysql->schemaDialect()
#5 /home/gustavo/projects/thh-app-backend/vendor/cakephp/cakephp/src/Database/Schema/CachedCollection.php(42): Cake\Database\Schema\Collection->__construct(Object(Cake\Database\Connection))
#6 /home/gustavo/projects/thh-app-backend/vendor/cakephp/cakephp/src/Database/Connection.php(365): Cake\Database\Schema\CachedCollection->__construct(Object(Cake\Database\Connection), true)
#7 /home/gustavo/projects/thh-app-backend/vendor/cakephp/cakephp/src/ORM/Table.php(530): Cake\Database\Connection->getSchemaCollection()
#8 /home/gustavo/projects/thh-app-backend/vendor/cakephp/cakephp/src/ORM/Query.php(210): Cake\ORM\Table->getSchema()
#9 /home/gustavo/projects/thh-app-backend/vendor/cakephp/cakephp/src/ORM/Query.php(167): Cake\ORM\Query->addDefaultTypes(Object(App\Model\Table\UsersTable))
#10 /home/gustavo/projects/thh-app-backend/vendor/cakephp/cakephp/src/ORM/Table.php(1569): Cake\ORM\Query->__construct(Object(Cake\Database\Connection), Object(App\Model\Table\UsersTable))
#11 /home/gustavo/projects/thh-app-backend/vendor/cakephp/cakephp/src/ORM/Table.php(1171): Cake\ORM\Table->query()
#12 /home/gustavo/projects/thh-app-backend/src/Controller/ApiController.php(41): Cake\ORM\Table->find('all')
#13 /home/gustavo/projects/thh-app-backend/vendor/cakephp/cakephp/src/Controller/Controller.php(440): App\Controller\ApiController->index()
#14 /home/gustavo/projects/thh-app-backend/vendor/cakephp/cakephp/src/Http/ActionDispatcher.php(119): Cake\Controller\Controller->invokeAction()
#15 /home/gustavo/projects/thh-app-backend/vendor/cakephp/cakephp/src/Http/ActionDispatcher.php(93): Cake\Http\ActionDispatcher->_invoke(Object(App\Controller\ApiController))
#16 /home/gustavo/projects/thh-app-backend/vendor/cakephp/cakephp/src/Http/BaseApplication.php(78): Cake\Http\ActionDispatcher->dispatch(Object(Cake\Http\ServerRequest), Object(Cake\Http\Response))
#17 /home/gustavo/projects/thh-app-backend/vendor/cakephp/cakephp/src/Http/Runner.php(65): Cake\Http\BaseApplication->__invoke(Object(Cake\Http\ServerRequest), Object(Cake\Http\Response), Object(Cake\Http\Runner))
#18 /home/gustavo/projects/thh-app-backend/vendor/cakephp/cakephp/src/Routing/Middleware/RoutingMiddleware.php(59): Cake\Http\Runner->__invoke(Object(Cake\Http\ServerRequest), Object(Cake\Http\Response))
#19 /home/gustavo/projects/thh-app-backend/vendor/cakephp/cakephp/src/Http/Runner.php(65): Cake\Routing\Middleware\RoutingMiddleware->__invoke(Object(Cake\Http\ServerRequest), Object(Cake\Http\Response), Object(Cake\Http\Runner))
#20 /home/gustavo/projects/thh-app-backend/vendor/cakephp/cakephp/src/Routing/Middleware/AssetMiddleware.php(88): Cake\Http\Runner->__invoke(Object(Cake\Http\ServerRequest), Object(Cake\Http\Response))
#21 /home/gustavo/projects/thh-app-backend/vendor/cakephp/cakephp/src/Http/Runner.php(65): Cake\Routing\Middleware\AssetMiddleware->__invoke(Object(Cake\Http\ServerRequest), Object(Cake\Http\Response), Object(Cake\Http\Runner))
#22 /home/gustavo/projects/thh-app-backend/vendor/cakephp/cakephp/src/Error/Middleware/ErrorHandlerMiddleware.php(92): Cake\Http\Runner->__invoke(Object(Cake\Http\ServerRequest), Object(Cake\Http\Response))
#23 /home/gustavo/projects/thh-app-backend/vendor/cakephp/cakephp/src/Http/Runner.php(65): Cake\Error\Middleware\ErrorHandlerMiddleware->__invoke(Object(Cake\Http\ServerRequest), Object(Cake\Http\Response), Object(Cake\Http\Runner))
#24 /home/gustavo/projects/thh-app-backend/vendor/cakephp/debug_kit/src/Middleware/DebugKitMiddleware.php(52): Cake\Http\Runner->__invoke(Object(Cake\Http\ServerRequest), Object(Cake\Http\Response))
#25 /home/gustavo/projects/thh-app-backend/vendor/cakephp/cakephp/src/Http/Runner.php(65): DebugKit\Middleware\DebugKitMiddleware->__invoke(Object(Cake\Http\ServerRequest), Object(Cake\Http\Response), Object(Cake\Http\Runner))
#26 /home/gustavo/projects/thh-app-backend/vendor/cakephp/cakephp/src/Http/Runner.php(51): Cake\Http\Runner->__invoke(Object(Cake\Http\ServerRequest), Object(Cake\Http\Response))
#27 /home/gustavo/projects/thh-app-backend/vendor/cakephp/cakephp/src/Http/Server.php(80): Cake\Http\Runner->run(Object(Cake\Http\MiddlewareQueue), Object(Cake\Http\ServerRequest), Object(Cake\Http\Response))
#28 /home/gustavo/projects/thh-app-backend/webroot/index.php(37): Cake\Http\Server->run()
#29 {main}


2017-06-21 20:24:00 Error: [PDOException] SQLSTATE[HY000] [2002] No such file or directory
Request URL: /users
Stack Trace:
#0 /home/gustavo/projects/thh-app-backend/vendor/cakephp/cakephp/src/Database/Driver/PDODriverTrait.php(48): PDO->__construct('mysql:host=loca...', 'root', '123', Array)
#1 /home/gustavo/projects/thh-app-backend/vendor/cakephp/cakephp/src/Database/Driver/Mysql.php(104): Cake\Database\Driver\Mysql->_connect('mysql:host=loca...', Array)
#2 /home/gustavo/projects/thh-app-backend/vendor/cakephp/cakephp/src/Database/Schema/BaseSchema.php(45): Cake\Database\Driver\Mysql->connect()
#3 /home/gustavo/projects/thh-app-backend/vendor/cakephp/cakephp/src/Database/Dialect/MysqlDialectTrait.php(63): Cake\Database\Schema\BaseSchema->__construct(Object(Cake\Database\Driver\Mysql))
#4 /home/gustavo/projects/thh-app-backend/vendor/cakephp/cakephp/src/Database/Schema/Collection.php(52): Cake\Database\Driver\Mysql->schemaDialect()
#5 /home/gustavo/projects/thh-app-backend/vendor/cakephp/cakephp/src/Database/Schema/CachedCollection.php(42): Cake\Database\Schema\Collection->__construct(Object(Cake\Database\Connection))
#6 /home/gustavo/projects/thh-app-backend/vendor/cakephp/cakephp/src/Database/Connection.php(365): Cake\Database\Schema\CachedCollection->__construct(Object(Cake\Database\Connection), true)
#7 /home/gustavo/projects/thh-app-backend/vendor/cakephp/cakephp/src/ORM/Table.php(530): Cake\Database\Connection->getSchemaCollection()
#8 /home/gustavo/projects/thh-app-backend/vendor/cakephp/cakephp/src/ORM/Query.php(210): Cake\ORM\Table->getSchema()
#9 /home/gustavo/projects/thh-app-backend/vendor/cakephp/cakephp/src/ORM/Query.php(167): Cake\ORM\Query->addDefaultTypes(Object(App\Model\Table\UsersTable))
#10 /home/gustavo/projects/thh-app-backend/vendor/cakephp/cakephp/src/ORM/Table.php(1569): Cake\ORM\Query->__construct(Object(Cake\Database\Connection), Object(App\Model\Table\UsersTable))
#11 /home/gustavo/projects/thh-app-backend/vendor/cakephp/cakephp/src/ORM/Table.php(1171): Cake\ORM\Table->query()
#12 /home/gustavo/projects/thh-app-backend/src/Controller/ApiController.php(41): Cake\ORM\Table->find('all')
#13 /home/gustavo/projects/thh-app-backend/vendor/cakephp/cakephp/src/Controller/Controller.php(440): App\Controller\ApiController->index()
#14 /home/gustavo/projects/thh-app-backend/vendor/cakephp/cakephp/src/Http/ActionDispatcher.php(119): Cake\Controller\Controller->invokeAction()
#15 /home/gustavo/projects/thh-app-backend/vendor/cakephp/cakephp/src/Http/ActionDispatcher.php(93): Cake\Http\ActionDispatcher->_invoke(Object(App\Controller\ApiController))
#16 /home/gustavo/projects/thh-app-backend/vendor/cakephp/cakephp/src/Http/BaseApplication.php(78): Cake\Http\ActionDispatcher->dispatch(Object(Cake\Http\ServerRequest), Object(Cake\Http\Response))
#17 /home/gustavo/projects/thh-app-backend/vendor/cakephp/cakephp/src/Http/Runner.php(65): Cake\Http\BaseApplication->__invoke(Object(Cake\Http\ServerRequest), Object(Cake\Http\Response), Object(Cake\Http\Runner))
#18 /home/gustavo/projects/thh-app-backend/vendor/cakephp/cakephp/src/Routing/Middleware/RoutingMiddleware.php(59): Cake\Http\Runner->__invoke(Object(Cake\Http\ServerRequest), Object(Cake\Http\Response))
#19 /home/gustavo/projects/thh-app-backend/vendor/cakephp/cakephp/src/Http/Runner.php(65): Cake\Routing\Middleware\RoutingMiddleware->__invoke(Object(Cake\Http\ServerRequest), Object(Cake\Http\Response), Object(Cake\Http\Runner))
#20 /home/gustavo/projects/thh-app-backend/vendor/cakephp/cakephp/src/Routing/Middleware/AssetMiddleware.php(88): Cake\Http\Runner->__invoke(Object(Cake\Http\ServerRequest), Object(Cake\Http\Response))
#21 /home/gustavo/projects/thh-app-backend/vendor/cakephp/cakephp/src/Http/Runner.php(65): Cake\Routing\Middleware\AssetMiddleware->__invoke(Object(Cake\Http\ServerRequest), Object(Cake\Http\Response), Object(Cake\Http\Runner))
#22 /home/gustavo/projects/thh-app-backend/vendor/cakephp/cakephp/src/Error/Middleware/ErrorHandlerMiddleware.php(92): Cake\Http\Runner->__invoke(Object(Cake\Http\ServerRequest), Object(Cake\Http\Response))
#23 /home/gustavo/projects/thh-app-backend/vendor/cakephp/cakephp/src/Http/Runner.php(65): Cake\Error\Middleware\ErrorHandlerMiddleware->__invoke(Object(Cake\Http\ServerRequest), Object(Cake\Http\Response), Object(Cake\Http\Runner))
#24 /home/gustavo/projects/thh-app-backend/vendor/cakephp/debug_kit/src/Middleware/DebugKitMiddleware.php(52): Cake\Http\Runner->__invoke(Object(Cake\Http\ServerRequest), Object(Cake\Http\Response))
#25 /home/gustavo/projects/thh-app-backend/vendor/cakephp/cakephp/src/Http/Runner.php(65): DebugKit\Middleware\DebugKitMiddleware->__invoke(Object(Cake\Http\ServerRequest), Object(Cake\Http\Response), Object(Cake\Http\Runner))
#26 /home/gustavo/projects/thh-app-backend/vendor/cakephp/cakephp/src/Http/Runner.php(51): Cake\Http\Runner->__invoke(Object(Cake\Http\ServerRequest), Object(Cake\Http\Response))
#27 /home/gustavo/projects/thh-app-backend/vendor/cakephp/cakephp/src/Http/Server.php(80): Cake\Http\Runner->run(Object(Cake\Http\MiddlewareQueue), Object(Cake\Http\ServerRequest), Object(Cake\Http\Response))
#28 /home/gustavo/projects/thh-app-backend/webroot/index.php(37): Cake\Http\Server->run()
#29 {main}


2017-06-21 20:24:58 Error: [PDOException] SQLSTATE[HY000] [2002] No such file or directory
Request URL: /users
Stack Trace:
#0 /home/gustavo/projects/thh-app-backend/vendor/cakephp/cakephp/src/Database/Driver/PDODriverTrait.php(48): PDO->__construct('mysql:host=loca...', 'root', '123', Array)
#1 /home/gustavo/projects/thh-app-backend/vendor/cakephp/cakephp/src/Database/Driver/Mysql.php(104): Cake\Database\Driver\Mysql->_connect('mysql:host=loca...', Array)
#2 /home/gustavo/projects/thh-app-backend/vendor/cakephp/cakephp/src/Database/Schema/BaseSchema.php(45): Cake\Database\Driver\Mysql->connect()
#3 /home/gustavo/projects/thh-app-backend/vendor/cakephp/cakephp/src/Database/Dialect/MysqlDialectTrait.php(63): Cake\Database\Schema\BaseSchema->__construct(Object(Cake\Database\Driver\Mysql))
#4 /home/gustavo/projects/thh-app-backend/vendor/cakephp/cakephp/src/Database/Schema/Collection.php(52): Cake\Database\Driver\Mysql->schemaDialect()
#5 /home/gustavo/projects/thh-app-backend/vendor/cakephp/cakephp/src/Database/Schema/CachedCollection.php(42): Cake\Database\Schema\Collection->__construct(Object(Cake\Database\Connection))
#6 /home/gustavo/projects/thh-app-backend/vendor/cakephp/cakephp/src/Database/Connection.php(365): Cake\Database\Schema\CachedCollection->__construct(Object(Cake\Database\Connection), true)
#7 /home/gustavo/projects/thh-app-backend/vendor/cakephp/cakephp/src/ORM/Table.php(530): Cake\Database\Connection->getSchemaCollection()
#8 /home/gustavo/projects/thh-app-backend/vendor/cakephp/cakephp/src/ORM/Query.php(210): Cake\ORM\Table->getSchema()
#9 /home/gustavo/projects/thh-app-backend/vendor/cakephp/cakephp/src/ORM/Query.php(167): Cake\ORM\Query->addDefaultTypes(Object(App\Model\Table\UsersTable))
#10 /home/gustavo/projects/thh-app-backend/vendor/cakephp/cakephp/src/ORM/Table.php(1569): Cake\ORM\Query->__construct(Object(Cake\Database\Connection), Object(App\Model\Table\UsersTable))
#11 /home/gustavo/projects/thh-app-backend/vendor/cakephp/cakephp/src/ORM/Table.php(1171): Cake\ORM\Table->query()
#12 /home/gustavo/projects/thh-app-backend/src/Controller/ApiController.php(41): Cake\ORM\Table->find('all')
#13 /home/gustavo/projects/thh-app-backend/vendor/cakephp/cakephp/src/Controller/Controller.php(440): App\Controller\ApiController->index()
#14 /home/gustavo/projects/thh-app-backend/vendor/cakephp/cakephp/src/Http/ActionDispatcher.php(119): Cake\Controller\Controller->invokeAction()
#15 /home/gustavo/projects/thh-app-backend/vendor/cakephp/cakephp/src/Http/ActionDispatcher.php(93): Cake\Http\ActionDispatcher->_invoke(Object(App\Controller\ApiController))
#16 /home/gustavo/projects/thh-app-backend/vendor/cakephp/cakephp/src/Http/BaseApplication.php(78): Cake\Http\ActionDispatcher->dispatch(Object(Cake\Http\ServerRequest), Object(Cake\Http\Response))
#17 /home/gustavo/projects/thh-app-backend/vendor/cakephp/cakephp/src/Http/Runner.php(65): Cake\Http\BaseApplication->__invoke(Object(Cake\Http\ServerRequest), Object(Cake\Http\Response), Object(Cake\Http\Runner))
#18 /home/gustavo/projects/thh-app-backend/vendor/cakephp/cakephp/src/Routing/Middleware/RoutingMiddleware.php(59): Cake\Http\Runner->__invoke(Object(Cake\Http\ServerRequest), Object(Cake\Http\Response))
#19 /home/gustavo/projects/thh-app-backend/vendor/cakephp/cakephp/src/Http/Runner.php(65): Cake\Routing\Middleware\RoutingMiddleware->__invoke(Object(Cake\Http\ServerRequest), Object(Cake\Http\Response), Object(Cake\Http\Runner))
#20 /home/gustavo/projects/thh-app-backend/vendor/cakephp/cakephp/src/Routing/Middleware/AssetMiddleware.php(88): Cake\Http\Runner->__invoke(Object(Cake\Http\ServerRequest), Object(Cake\Http\Response))
#21 /home/gustavo/projects/thh-app-backend/vendor/cakephp/cakephp/src/Http/Runner.php(65): Cake\Routing\Middleware\AssetMiddleware->__invoke(Object(Cake\Http\ServerRequest), Object(Cake\Http\Response), Object(Cake\Http\Runner))
#22 /home/gustavo/projects/thh-app-backend/vendor/cakephp/cakephp/src/Error/Middleware/ErrorHandlerMiddleware.php(92): Cake\Http\Runner->__invoke(Object(Cake\Http\ServerRequest), Object(Cake\Http\Response))
#23 /home/gustavo/projects/thh-app-backend/vendor/cakephp/cakephp/src/Http/Runner.php(65): Cake\Error\Middleware\ErrorHandlerMiddleware->__invoke(Object(Cake\Http\ServerRequest), Object(Cake\Http\Response), Object(Cake\Http\Runner))
#24 /home/gustavo/projects/thh-app-backend/vendor/cakephp/debug_kit/src/Middleware/DebugKitMiddleware.php(52): Cake\Http\Runner->__invoke(Object(Cake\Http\ServerRequest), Object(Cake\Http\Response))
#25 /home/gustavo/projects/thh-app-backend/vendor/cakephp/cakephp/src/Http/Runner.php(65): DebugKit\Middleware\DebugKitMiddleware->__invoke(Object(Cake\Http\ServerRequest), Object(Cake\Http\Response), Object(Cake\Http\Runner))
#26 /home/gustavo/projects/thh-app-backend/vendor/cakephp/cakephp/src/Http/Runner.php(51): Cake\Http\Runner->__invoke(Object(Cake\Http\ServerRequest), Object(Cake\Http\Response))
#27 /home/gustavo/projects/thh-app-backend/vendor/cakephp/cakephp/src/Http/Server.php(80): Cake\Http\Runner->run(Object(Cake\Http\MiddlewareQueue), Object(Cake\Http\ServerRequest), Object(Cake\Http\Response))
#28 /home/gustavo/projects/thh-app-backend/webroot/index.php(37): Cake\Http\Server->run()
#29 {main}


2017-06-21 20:25:00 Error: [PDOException] SQLSTATE[HY000] [2002] No such file or directory
Request URL: /users
Stack Trace:
#0 /home/gustavo/projects/thh-app-backend/vendor/cakephp/cakephp/src/Database/Driver/PDODriverTrait.php(48): PDO->__construct('mysql:host=loca...', 'root', '123', Array)
#1 /home/gustavo/projects/thh-app-backend/vendor/cakephp/cakephp/src/Database/Driver/Mysql.php(104): Cake\Database\Driver\Mysql->_connect('mysql:host=loca...', Array)
#2 /home/gustavo/projects/thh-app-backend/vendor/cakephp/cakephp/src/Database/Schema/BaseSchema.php(45): Cake\Database\Driver\Mysql->connect()
#3 /home/gustavo/projects/thh-app-backend/vendor/cakephp/cakephp/src/Database/Dialect/MysqlDialectTrait.php(63): Cake\Database\Schema\BaseSchema->__construct(Object(Cake\Database\Driver\Mysql))
#4 /home/gustavo/projects/thh-app-backend/vendor/cakephp/cakephp/src/Database/Schema/Collection.php(52): Cake\Database\Driver\Mysql->schemaDialect()
#5 /home/gustavo/projects/thh-app-backend/vendor/cakephp/cakephp/src/Database/Schema/CachedCollection.php(42): Cake\Database\Schema\Collection->__construct(Object(Cake\Database\Connection))
#6 /home/gustavo/projects/thh-app-backend/vendor/cakephp/cakephp/src/Database/Connection.php(365): Cake\Database\Schema\CachedCollection->__construct(Object(Cake\Database\Connection), true)
#7 /home/gustavo/projects/thh-app-backend/vendor/cakephp/cakephp/src/ORM/Table.php(530): Cake\Database\Connection->getSchemaCollection()
#8 /home/gustavo/projects/thh-app-backend/vendor/cakephp/cakephp/src/ORM/Query.php(210): Cake\ORM\Table->getSchema()
#9 /home/gustavo/projects/thh-app-backend/vendor/cakephp/cakephp/src/ORM/Query.php(167): Cake\ORM\Query->addDefaultTypes(Object(App\Model\Table\UsersTable))
#10 /home/gustavo/projects/thh-app-backend/vendor/cakephp/cakephp/src/ORM/Table.php(1569): Cake\ORM\Query->__construct(Object(Cake\Database\Connection), Object(App\Model\Table\UsersTable))
#11 /home/gustavo/projects/thh-app-backend/vendor/cakephp/cakephp/src/ORM/Table.php(1171): Cake\ORM\Table->query()
#12 /home/gustavo/projects/thh-app-backend/src/Controller/ApiController.php(41): Cake\ORM\Table->find('all')
#13 /home/gustavo/projects/thh-app-backend/vendor/cakephp/cakephp/src/Controller/Controller.php(440): App\Controller\ApiController->index()
#14 /home/gustavo/projects/thh-app-backend/vendor/cakephp/cakephp/src/Http/ActionDispatcher.php(119): Cake\Controller\Controller->invokeAction()
#15 /home/gustavo/projects/thh-app-backend/vendor/cakephp/cakephp/src/Http/ActionDispatcher.php(93): Cake\Http\ActionDispatcher->_invoke(Object(App\Controller\ApiController))
#16 /home/gustavo/projects/thh-app-backend/vendor/cakephp/cakephp/src/Http/BaseApplication.php(78): Cake\Http\ActionDispatcher->dispatch(Object(Cake\Http\ServerRequest), Object(Cake\Http\Response))
#17 /home/gustavo/projects/thh-app-backend/vendor/cakephp/cakephp/src/Http/Runner.php(65): Cake\Http\BaseApplication->__invoke(Object(Cake\Http\ServerRequest), Object(Cake\Http\Response), Object(Cake\Http\Runner))
#18 /home/gustavo/projects/thh-app-backend/vendor/cakephp/cakephp/src/Routing/Middleware/RoutingMiddleware.php(59): Cake\Http\Runner->__invoke(Object(Cake\Http\ServerRequest), Object(Cake\Http\Response))
#19 /home/gustavo/projects/thh-app-backend/vendor/cakephp/cakephp/src/Http/Runner.php(65): Cake\Routing\Middleware\RoutingMiddleware->__invoke(Object(Cake\Http\ServerRequest), Object(Cake\Http\Response), Object(Cake\Http\Runner))
#20 /home/gustavo/projects/thh-app-backend/vendor/cakephp/cakephp/src/Routing/Middleware/AssetMiddleware.php(88): Cake\Http\Runner->__invoke(Object(Cake\Http\ServerRequest), Object(Cake\Http\Response))
#21 /home/gustavo/projects/thh-app-backend/vendor/cakephp/cakephp/src/Http/Runner.php(65): Cake\Routing\Middleware\AssetMiddleware->__invoke(Object(Cake\Http\ServerRequest), Object(Cake\Http\Response), Object(Cake\Http\Runner))
#22 /home/gustavo/projects/thh-app-backend/vendor/cakephp/cakephp/src/Error/Middleware/ErrorHandlerMiddleware.php(92): Cake\Http\Runner->__invoke(Object(Cake\Http\ServerRequest), Object(Cake\Http\Response))
#23 /home/gustavo/projects/thh-app-backend/vendor/cakephp/cakephp/src/Http/Runner.php(65): Cake\Error\Middleware\ErrorHandlerMiddleware->__invoke(Object(Cake\Http\ServerRequest), Object(Cake\Http\Response), Object(Cake\Http\Runner))
#24 /home/gustavo/projects/thh-app-backend/vendor/cakephp/debug_kit/src/Middleware/DebugKitMiddleware.php(52): Cake\Http\Runner->__invoke(Object(Cake\Http\ServerRequest), Object(Cake\Http\Response))
#25 /home/gustavo/projects/thh-app-backend/vendor/cakephp/cakephp/src/Http/Runner.php(65): DebugKit\Middleware\DebugKitMiddleware->__invoke(Object(Cake\Http\ServerRequest), Object(Cake\Http\Response), Object(Cake\Http\Runner))
#26 /home/gustavo/projects/thh-app-backend/vendor/cakephp/cakephp/src/Http/Runner.php(51): Cake\Http\Runner->__invoke(Object(Cake\Http\ServerRequest), Object(Cake\Http\Response))
#27 /home/gustavo/projects/thh-app-backend/vendor/cakephp/cakephp/src/Http/Server.php(80): Cake\Http\Runner->run(Object(Cake\Http\MiddlewareQueue), Object(Cake\Http\ServerRequest), Object(Cake\Http\Response))
#28 /home/gustavo/projects/thh-app-backend/webroot/index.php(37): Cake\Http\Server->run()
#29 {main}


2017-06-21 20:29:13 Error: [PDOException] SQLSTATE[HY000] [2002] No such file or directory
Request URL: /users
Stack Trace:
#0 /home/gustavo/projects/thh-app-backend/vendor/cakephp/cakephp/src/Database/Driver/PDODriverTrait.php(48): PDO->__construct('mysql:host=loca...', 'root', '1234', Array)
#1 /home/gustavo/projects/thh-app-backend/vendor/cakephp/cakephp/src/Database/Driver/Mysql.php(104): Cake\Database\Driver\Mysql->_connect('mysql:host=loca...', Array)
#2 /home/gustavo/projects/thh-app-backend/vendor/cakephp/cakephp/src/Database/Schema/BaseSchema.php(45): Cake\Database\Driver\Mysql->connect()
#3 /home/gustavo/projects/thh-app-backend/vendor/cakephp/cakephp/src/Database/Dialect/MysqlDialectTrait.php(63): Cake\Database\Schema\BaseSchema->__construct(Object(Cake\Database\Driver\Mysql))
#4 /home/gustavo/projects/thh-app-backend/vendor/cakephp/cakephp/src/Database/Schema/Collection.php(52): Cake\Database\Driver\Mysql->schemaDialect()
#5 /home/gustavo/projects/thh-app-backend/vendor/cakephp/cakephp/src/Database/Schema/CachedCollection.php(42): Cake\Database\Schema\Collection->__construct(Object(Cake\Database\Connection))
#6 /home/gustavo/projects/thh-app-backend/vendor/cakephp/cakephp/src/Database/Connection.php(365): Cake\Database\Schema\CachedCollection->__construct(Object(Cake\Database\Connection), true)
#7 /home/gustavo/projects/thh-app-backend/vendor/cakephp/cakephp/src/ORM/Table.php(530): Cake\Database\Connection->getSchemaCollection()
#8 /home/gustavo/projects/thh-app-backend/vendor/cakephp/cakephp/src/ORM/Query.php(210): Cake\ORM\Table->getSchema()
#9 /home/gustavo/projects/thh-app-backend/vendor/cakephp/cakephp/src/ORM/Query.php(167): Cake\ORM\Query->addDefaultTypes(Object(App\Model\Table\UsersTable))
#10 /home/gustavo/projects/thh-app-backend/vendor/cakephp/cakephp/src/ORM/Table.php(1569): Cake\ORM\Query->__construct(Object(Cake\Database\Connection), Object(App\Model\Table\UsersTable))
#11 /home/gustavo/projects/thh-app-backend/vendor/cakephp/cakephp/src/ORM/Table.php(1171): Cake\ORM\Table->query()
#12 /home/gustavo/projects/thh-app-backend/src/Controller/ApiController.php(41): Cake\ORM\Table->find('all')
#13 /home/gustavo/projects/thh-app-backend/vendor/cakephp/cakephp/src/Controller/Controller.php(440): App\Controller\ApiController->index()
#14 /home/gustavo/projects/thh-app-backend/vendor/cakephp/cakephp/src/Http/ActionDispatcher.php(119): Cake\Controller\Controller->invokeAction()
#15 /home/gustavo/projects/thh-app-backend/vendor/cakephp/cakephp/src/Http/ActionDispatcher.php(93): Cake\Http\ActionDispatcher->_invoke(Object(App\Controller\ApiController))
#16 /home/gustavo/projects/thh-app-backend/vendor/cakephp/cakephp/src/Http/BaseApplication.php(78): Cake\Http\ActionDispatcher->dispatch(Object(Cake\Http\ServerRequest), Object(Cake\Http\Response))
#17 /home/gustavo/projects/thh-app-backend/vendor/cakephp/cakephp/src/Http/Runner.php(65): Cake\Http\BaseApplication->__invoke(Object(Cake\Http\ServerRequest), Object(Cake\Http\Response), Object(Cake\Http\Runner))
#18 /home/gustavo/projects/thh-app-backend/vendor/cakephp/cakephp/src/Routing/Middleware/RoutingMiddleware.php(59): Cake\Http\Runner->__invoke(Object(Cake\Http\ServerRequest), Object(Cake\Http\Response))
#19 /home/gustavo/projects/thh-app-backend/vendor/cakephp/cakephp/src/Http/Runner.php(65): Cake\Routing\Middleware\RoutingMiddleware->__invoke(Object(Cake\Http\ServerRequest), Object(Cake\Http\Response), Object(Cake\Http\Runner))
#20 /home/gustavo/projects/thh-app-backend/vendor/cakephp/cakephp/src/Routing/Middleware/AssetMiddleware.php(88): Cake\Http\Runner->__invoke(Object(Cake\Http\ServerRequest), Object(Cake\Http\Response))
#21 /home/gustavo/projects/thh-app-backend/vendor/cakephp/cakephp/src/Http/Runner.php(65): Cake\Routing\Middleware\AssetMiddleware->__invoke(Object(Cake\Http\ServerRequest), Object(Cake\Http\Response), Object(Cake\Http\Runner))
#22 /home/gustavo/projects/thh-app-backend/vendor/cakephp/cakephp/src/Error/Middleware/ErrorHandlerMiddleware.php(92): Cake\Http\Runner->__invoke(Object(Cake\Http\ServerRequest), Object(Cake\Http\Response))
#23 /home/gustavo/projects/thh-app-backend/vendor/cakephp/cakephp/src/Http/Runner.php(65): Cake\Error\Middleware\ErrorHandlerMiddleware->__invoke(Object(Cake\Http\ServerRequest), Object(Cake\Http\Response), Object(Cake\Http\Runner))
#24 /home/gustavo/projects/thh-app-backend/vendor/cakephp/debug_kit/src/Middleware/DebugKitMiddleware.php(52): Cake\Http\Runner->__invoke(Object(Cake\Http\ServerRequest), Object(Cake\Http\Response))
#25 /home/gustavo/projects/thh-app-backend/vendor/cakephp/cakephp/src/Http/Runner.php(65): DebugKit\Middleware\DebugKitMiddleware->__invoke(Object(Cake\Http\ServerRequest), Object(Cake\Http\Response), Object(Cake\Http\Runner))
#26 /home/gustavo/projects/thh-app-backend/vendor/cakephp/cakephp/src/Http/Runner.php(51): Cake\Http\Runner->__invoke(Object(Cake\Http\ServerRequest), Object(Cake\Http\Response))
#27 /home/gustavo/projects/thh-app-backend/vendor/cakephp/cakephp/src/Http/Server.php(80): Cake\Http\Runner->run(Object(Cake\Http\MiddlewareQueue), Object(Cake\Http\ServerRequest), Object(Cake\Http\Response))
#28 /home/gustavo/projects/thh-app-backend/webroot/index.php(37): Cake\Http\Server->run()
#29 {main}


2017-06-21 20:29:31 Error: [PDOException] SQLSTATE[HY000] [2002] No such file or directory
Request URL: /users
Stack Trace:
#0 /home/gustavo/projects/thh-app-backend/vendor/cakephp/cakephp/src/Database/Driver/PDODriverTrait.php(48): PDO->__construct('mysql:host=loca...', 'root', '123', Array)
#1 /home/gustavo/projects/thh-app-backend/vendor/cakephp/cakephp/src/Database/Driver/Mysql.php(104): Cake\Database\Driver\Mysql->_connect('mysql:host=loca...', Array)
#2 /home/gustavo/projects/thh-app-backend/vendor/cakephp/cakephp/src/Database/Schema/BaseSchema.php(45): Cake\Database\Driver\Mysql->connect()
#3 /home/gustavo/projects/thh-app-backend/vendor/cakephp/cakephp/src/Database/Dialect/MysqlDialectTrait.php(63): Cake\Database\Schema\BaseSchema->__construct(Object(Cake\Database\Driver\Mysql))
#4 /home/gustavo/projects/thh-app-backend/vendor/cakephp/cakephp/src/Database/Schema/Collection.php(52): Cake\Database\Driver\Mysql->schemaDialect()
#5 /home/gustavo/projects/thh-app-backend/vendor/cakephp/cakephp/src/Database/Schema/CachedCollection.php(42): Cake\Database\Schema\Collection->__construct(Object(Cake\Database\Connection))
#6 /home/gustavo/projects/thh-app-backend/vendor/cakephp/cakephp/src/Database/Connection.php(365): Cake\Database\Schema\CachedCollection->__construct(Object(Cake\Database\Connection), true)
#7 /home/gustavo/projects/thh-app-backend/vendor/cakephp/cakephp/src/ORM/Table.php(530): Cake\Database\Connection->getSchemaCollection()
#8 /home/gustavo/projects/thh-app-backend/vendor/cakephp/cakephp/src/ORM/Query.php(210): Cake\ORM\Table->getSchema()
#9 /home/gustavo/projects/thh-app-backend/vendor/cakephp/cakephp/src/ORM/Query.php(167): Cake\ORM\Query->addDefaultTypes(Object(App\Model\Table\UsersTable))
#10 /home/gustavo/projects/thh-app-backend/vendor/cakephp/cakephp/src/ORM/Table.php(1569): Cake\ORM\Query->__construct(Object(Cake\Database\Connection), Object(App\Model\Table\UsersTable))
#11 /home/gustavo/projects/thh-app-backend/vendor/cakephp/cakephp/src/ORM/Table.php(1171): Cake\ORM\Table->query()
#12 /home/gustavo/projects/thh-app-backend/src/Controller/ApiController.php(41): Cake\ORM\Table->find('all')
#13 /home/gustavo/projects/thh-app-backend/vendor/cakephp/cakephp/src/Controller/Controller.php(440): App\Controller\ApiController->index()
#14 /home/gustavo/projects/thh-app-backend/vendor/cakephp/cakephp/src/Http/ActionDispatcher.php(119): Cake\Controller\Controller->invokeAction()
#15 /home/gustavo/projects/thh-app-backend/vendor/cakephp/cakephp/src/Http/ActionDispatcher.php(93): Cake\Http\ActionDispatcher->_invoke(Object(App\Controller\ApiController))
#16 /home/gustavo/projects/thh-app-backend/vendor/cakephp/cakephp/src/Http/BaseApplication.php(78): Cake\Http\ActionDispatcher->dispatch(Object(Cake\Http\ServerRequest), Object(Cake\Http\Response))
#17 /home/gustavo/projects/thh-app-backend/vendor/cakephp/cakephp/src/Http/Runner.php(65): Cake\Http\BaseApplication->__invoke(Object(Cake\Http\ServerRequest), Object(Cake\Http\Response), Object(Cake\Http\Runner))
#18 /home/gustavo/projects/thh-app-backend/vendor/cakephp/cakephp/src/Routing/Middleware/RoutingMiddleware.php(59): Cake\Http\Runner->__invoke(Object(Cake\Http\ServerRequest), Object(Cake\Http\Response))
#19 /home/gustavo/projects/thh-app-backend/vendor/cakephp/cakephp/src/Http/Runner.php(65): Cake\Routing\Middleware\RoutingMiddleware->__invoke(Object(Cake\Http\ServerRequest), Object(Cake\Http\Response), Object(Cake\Http\Runner))
#20 /home/gustavo/projects/thh-app-backend/vendor/cakephp/cakephp/src/Routing/Middleware/AssetMiddleware.php(88): Cake\Http\Runner->__invoke(Object(Cake\Http\ServerRequest), Object(Cake\Http\Response))
#21 /home/gustavo/projects/thh-app-backend/vendor/cakephp/cakephp/src/Http/Runner.php(65): Cake\Routing\Middleware\AssetMiddleware->__invoke(Object(Cake\Http\ServerRequest), Object(Cake\Http\Response), Object(Cake\Http\Runner))
#22 /home/gustavo/projects/thh-app-backend/vendor/cakephp/cakephp/src/Error/Middleware/ErrorHandlerMiddleware.php(92): Cake\Http\Runner->__invoke(Object(Cake\Http\ServerRequest), Object(Cake\Http\Response))
#23 /home/gustavo/projects/thh-app-backend/vendor/cakephp/cakephp/src/Http/Runner.php(65): Cake\Error\Middleware\ErrorHandlerMiddleware->__invoke(Object(Cake\Http\ServerRequest), Object(Cake\Http\Response), Object(Cake\Http\Runner))
#24 /home/gustavo/projects/thh-app-backend/vendor/cakephp/debug_kit/src/Middleware/DebugKitMiddleware.php(52): Cake\Http\Runner->__invoke(Object(Cake\Http\ServerRequest), Object(Cake\Http\Response))
#25 /home/gustavo/projects/thh-app-backend/vendor/cakephp/cakephp/src/Http/Runner.php(65): DebugKit\Middleware\DebugKitMiddleware->__invoke(Object(Cake\Http\ServerRequest), Object(Cake\Http\Response), Object(Cake\Http\Runner))
#26 /home/gustavo/projects/thh-app-backend/vendor/cakephp/cakephp/src/Http/Runner.php(51): Cake\Http\Runner->__invoke(Object(Cake\Http\ServerRequest), Object(Cake\Http\Response))
#27 /home/gustavo/projects/thh-app-backend/vendor/cakephp/cakephp/src/Http/Server.php(80): Cake\Http\Runner->run(Object(Cake\Http\MiddlewareQueue), Object(Cake\Http\ServerRequest), Object(Cake\Http\Response))
#28 /home/gustavo/projects/thh-app-backend/webroot/index.php(37): Cake\Http\Server->run()
#29 {main}


2017-06-21 20:30:31 Error: [PDOException] SQLSTATE[HY000] [2002] No such file or directory
Request URL: /users
Stack Trace:
#0 /home/gustavo/projects/thh-app-backend/vendor/cakephp/cakephp/src/Database/Driver/PDODriverTrait.php(48): PDO->__construct('mysql:host=loca...', 'root', '123', Array)
#1 /home/gustavo/projects/thh-app-backend/vendor/cakephp/cakephp/src/Database/Driver/Mysql.php(104): Cake\Database\Driver\Mysql->_connect('mysql:host=loca...', Array)
#2 /home/gustavo/projects/thh-app-backend/vendor/cakephp/cakephp/src/Database/Schema/BaseSchema.php(45): Cake\Database\Driver\Mysql->connect()
#3 /home/gustavo/projects/thh-app-backend/vendor/cakephp/cakephp/src/Database/Dialect/MysqlDialectTrait.php(63): Cake\Database\Schema\BaseSchema->__construct(Object(Cake\Database\Driver\Mysql))
#4 /home/gustavo/projects/thh-app-backend/vendor/cakephp/cakephp/src/Database/Schema/Collection.php(52): Cake\Database\Driver\Mysql->schemaDialect()
#5 /home/gustavo/projects/thh-app-backend/vendor/cakephp/cakephp/src/Database/Schema/CachedCollection.php(42): Cake\Database\Schema\Collection->__construct(Object(Cake\Database\Connection))
#6 /home/gustavo/projects/thh-app-backend/vendor/cakephp/cakephp/src/Database/Connection.php(365): Cake\Database\Schema\CachedCollection->__construct(Object(Cake\Database\Connection), true)
#7 /home/gustavo/projects/thh-app-backend/vendor/cakephp/cakephp/src/ORM/Table.php(530): Cake\Database\Connection->getSchemaCollection()
#8 /home/gustavo/projects/thh-app-backend/vendor/cakephp/cakephp/src/ORM/Query.php(210): Cake\ORM\Table->getSchema()
#9 /home/gustavo/projects/thh-app-backend/vendor/cakephp/cakephp/src/ORM/Query.php(167): Cake\ORM\Query->addDefaultTypes(Object(App\Model\Table\UsersTable))
#10 /home/gustavo/projects/thh-app-backend/vendor/cakephp/cakephp/src/ORM/Table.php(1569): Cake\ORM\Query->__construct(Object(Cake\Database\Connection), Object(App\Model\Table\UsersTable))
#11 /home/gustavo/projects/thh-app-backend/vendor/cakephp/cakephp/src/ORM/Table.php(1171): Cake\ORM\Table->query()
#12 /home/gustavo/projects/thh-app-backend/src/Controller/ApiController.php(41): Cake\ORM\Table->find('all')
#13 /home/gustavo/projects/thh-app-backend/vendor/cakephp/cakephp/src/Controller/Controller.php(440): App\Controller\ApiController->index()
#14 /home/gustavo/projects/thh-app-backend/vendor/cakephp/cakephp/src/Http/ActionDispatcher.php(119): Cake\Controller\Controller->invokeAction()
#15 /home/gustavo/projects/thh-app-backend/vendor/cakephp/cakephp/src/Http/ActionDispatcher.php(93): Cake\Http\ActionDispatcher->_invoke(Object(App\Controller\ApiController))
#16 /home/gustavo/projects/thh-app-backend/vendor/cakephp/cakephp/src/Http/BaseApplication.php(78): Cake\Http\ActionDispatcher->dispatch(Object(Cake\Http\ServerRequest), Object(Cake\Http\Response))
#17 /home/gustavo/projects/thh-app-backend/vendor/cakephp/cakephp/src/Http/Runner.php(65): Cake\Http\BaseApplication->__invoke(Object(Cake\Http\ServerRequest), Object(Cake\Http\Response), Object(Cake\Http\Runner))
#18 /home/gustavo/projects/thh-app-backend/vendor/cakephp/cakephp/src/Routing/Middleware/RoutingMiddleware.php(59): Cake\Http\Runner->__invoke(Object(Cake\Http\ServerRequest), Object(Cake\Http\Response))
#19 /home/gustavo/projects/thh-app-backend/vendor/cakephp/cakephp/src/Http/Runner.php(65): Cake\Routing\Middleware\RoutingMiddleware->__invoke(Object(Cake\Http\ServerRequest), Object(Cake\Http\Response), Object(Cake\Http\Runner))
#20 /home/gustavo/projects/thh-app-backend/vendor/cakephp/cakephp/src/Routing/Middleware/AssetMiddleware.php(88): Cake\Http\Runner->__invoke(Object(Cake\Http\ServerRequest), Object(Cake\Http\Response))
#21 /home/gustavo/projects/thh-app-backend/vendor/cakephp/cakephp/src/Http/Runner.php(65): Cake\Routing\Middleware\AssetMiddleware->__invoke(Object(Cake\Http\ServerRequest), Object(Cake\Http\Response), Object(Cake\Http\Runner))
#22 /home/gustavo/projects/thh-app-backend/vendor/cakephp/cakephp/src/Error/Middleware/ErrorHandlerMiddleware.php(92): Cake\Http\Runner->__invoke(Object(Cake\Http\ServerRequest), Object(Cake\Http\Response))
#23 /home/gustavo/projects/thh-app-backend/vendor/cakephp/cakephp/src/Http/Runner.php(65): Cake\Error\Middleware\ErrorHandlerMiddleware->__invoke(Object(Cake\Http\ServerRequest), Object(Cake\Http\Response), Object(Cake\Http\Runner))
#24 /home/gustavo/projects/thh-app-backend/vendor/cakephp/debug_kit/src/Middleware/DebugKitMiddleware.php(52): Cake\Http\Runner->__invoke(Object(Cake\Http\ServerRequest), Object(Cake\Http\Response))
#25 /home/gustavo/projects/thh-app-backend/vendor/cakephp/cakephp/src/Http/Runner.php(65): DebugKit\Middleware\DebugKitMiddleware->__invoke(Object(Cake\Http\ServerRequest), Object(Cake\Http\Response), Object(Cake\Http\Runner))
#26 /home/gustavo/projects/thh-app-backend/vendor/cakephp/cakephp/src/Http/Runner.php(51): Cake\Http\Runner->__invoke(Object(Cake\Http\ServerRequest), Object(Cake\Http\Response))
#27 /home/gustavo/projects/thh-app-backend/vendor/cakephp/cakephp/src/Http/Server.php(80): Cake\Http\Runner->run(Object(Cake\Http\MiddlewareQueue), Object(Cake\Http\ServerRequest), Object(Cake\Http\Response))
#28 /home/gustavo/projects/thh-app-backend/webroot/index.php(37): Cake\Http\Server->run()
#29 {main}


2017-06-21 20:31:57 Error: [Cake\View\Exception\MissingTemplateException] Template file "Api/index.ctp" is missing.
Exception Attributes: array (
  'file' => 'Api/index.ctp',
)
Request URL: /users
Stack Trace:
#0 /home/gustavo/projects/thh-app-backend/vendor/cakephp/cakephp/src/View/View.php(606): Cake\View\View->_getViewFileName(NULL)
#1 /home/gustavo/projects/thh-app-backend/vendor/cakephp/cakephp/src/Controller/Controller.php(623): Cake\View\View->render(NULL, NULL)
#2 /home/gustavo/projects/thh-app-backend/vendor/cakephp/cakephp/src/Http/ActionDispatcher.php(125): Cake\Controller\Controller->render()
#3 /home/gustavo/projects/thh-app-backend/vendor/cakephp/cakephp/src/Http/ActionDispatcher.php(93): Cake\Http\ActionDispatcher->_invoke(Object(App\Controller\ApiController))
#4 /home/gustavo/projects/thh-app-backend/vendor/cakephp/cakephp/src/Http/BaseApplication.php(78): Cake\Http\ActionDispatcher->dispatch(Object(Cake\Http\ServerRequest), Object(Cake\Http\Response))
#5 /home/gustavo/projects/thh-app-backend/vendor/cakephp/cakephp/src/Http/Runner.php(65): Cake\Http\BaseApplication->__invoke(Object(Cake\Http\ServerRequest), Object(Cake\Http\Response), Object(Cake\Http\Runner))
#6 /home/gustavo/projects/thh-app-backend/vendor/cakephp/cakephp/src/Routing/Middleware/RoutingMiddleware.php(59): Cake\Http\Runner->__invoke(Object(Cake\Http\ServerRequest), Object(Cake\Http\Response))
#7 /home/gustavo/projects/thh-app-backend/vendor/cakephp/cakephp/src/Http/Runner.php(65): Cake\Routing\Middleware\RoutingMiddleware->__invoke(Object(Cake\Http\ServerRequest), Object(Cake\Http\Response), Object(Cake\Http\Runner))
#8 /home/gustavo/projects/thh-app-backend/vendor/cakephp/cakephp/src/Routing/Middleware/AssetMiddleware.php(88): Cake\Http\Runner->__invoke(Object(Cake\Http\ServerRequest), Object(Cake\Http\Response))
#9 /home/gustavo/projects/thh-app-backend/vendor/cakephp/cakephp/src/Http/Runner.php(65): Cake\Routing\Middleware\AssetMiddleware->__invoke(Object(Cake\Http\ServerRequest), Object(Cake\Http\Response), Object(Cake\Http\Runner))
#10 /home/gustavo/projects/thh-app-backend/vendor/cakephp/cakephp/src/Error/Middleware/ErrorHandlerMiddleware.php(92): Cake\Http\Runner->__invoke(Object(Cake\Http\ServerRequest), Object(Cake\Http\Response))
#11 /home/gustavo/projects/thh-app-backend/vendor/cakephp/cakephp/src/Http/Runner.php(65): Cake\Error\Middleware\ErrorHandlerMiddleware->__invoke(Object(Cake\Http\ServerRequest), Object(Cake\Http\Response), Object(Cake\Http\Runner))
#12 /home/gustavo/projects/thh-app-backend/vendor/cakephp/debug_kit/src/Middleware/DebugKitMiddleware.php(52): Cake\Http\Runner->__invoke(Object(Cake\Http\ServerRequest), Object(Cake\Http\Response))
#13 /home/gustavo/projects/thh-app-backend/vendor/cakephp/cakephp/src/Http/Runner.php(65): DebugKit\Middleware\DebugKitMiddleware->__invoke(Object(Cake\Http\ServerRequest), Object(Cake\Http\Response), Object(Cake\Http\Runner))
#14 /home/gustavo/projects/thh-app-backend/vendor/cakephp/cakephp/src/Http/Runner.php(51): Cake\Http\Runner->__invoke(Object(Cake\Http\ServerRequest), Object(Cake\Http\Response))
#15 /home/gustavo/projects/thh-app-backend/vendor/cakephp/cakephp/src/Http/Server.php(80): Cake\Http\Runner->run(Object(Cake\Http\MiddlewareQueue), Object(Cake\Http\ServerRequest), Object(Cake\Http\Response))
#16 /home/gustavo/projects/thh-app-backend/webroot/index.php(37): Cake\Http\Server->run()
#17 {main}


2017-06-21 20:33:10 Error: [Cake\View\Exception\MissingTemplateException] Template file "Api/index.ctp" is missing.
Exception Attributes: array (
  'file' => 'Api/index.ctp',
)
Request URL: /users
Stack Trace:
#0 /home/gustavo/projects/thh-app-backend/vendor/cakephp/cakephp/src/View/View.php(606): Cake\View\View->_getViewFileName(NULL)
#1 /home/gustavo/projects/thh-app-backend/vendor/cakephp/cakephp/src/Controller/Controller.php(623): Cake\View\View->render(NULL, NULL)
#2 /home/gustavo/projects/thh-app-backend/vendor/cakephp/cakephp/src/Http/ActionDispatcher.php(125): Cake\Controller\Controller->render()
#3 /home/gustavo/projects/thh-app-backend/vendor/cakephp/cakephp/src/Http/ActionDispatcher.php(93): Cake\Http\ActionDispatcher->_invoke(Object(App\Controller\ApiController))
#4 /home/gustavo/projects/thh-app-backend/vendor/cakephp/cakephp/src/Http/BaseApplication.php(78): Cake\Http\ActionDispatcher->dispatch(Object(Cake\Http\ServerRequest), Object(Cake\Http\Response))
#5 /home/gustavo/projects/thh-app-backend/vendor/cakephp/cakephp/src/Http/Runner.php(65): Cake\Http\BaseApplication->__invoke(Object(Cake\Http\ServerRequest), Object(Cake\Http\Response), Object(Cake\Http\Runner))
#6 /home/gustavo/projects/thh-app-backend/vendor/cakephp/cakephp/src/Routing/Middleware/RoutingMiddleware.php(59): Cake\Http\Runner->__invoke(Object(Cake\Http\ServerRequest), Object(Cake\Http\Response))
#7 /home/gustavo/projects/thh-app-backend/vendor/cakephp/cakephp/src/Http/Runner.php(65): Cake\Routing\Middleware\RoutingMiddleware->__invoke(Object(Cake\Http\ServerRequest), Object(Cake\Http\Response), Object(Cake\Http\Runner))
#8 /home/gustavo/projects/thh-app-backend/vendor/cakephp/cakephp/src/Routing/Middleware/AssetMiddleware.php(88): Cake\Http\Runner->__invoke(Object(Cake\Http\ServerRequest), Object(Cake\Http\Response))
#9 /home/gustavo/projects/thh-app-backend/vendor/cakephp/cakephp/src/Http/Runner.php(65): Cake\Routing\Middleware\AssetMiddleware->__invoke(Object(Cake\Http\ServerRequest), Object(Cake\Http\Response), Object(Cake\Http\Runner))
#10 /home/gustavo/projects/thh-app-backend/vendor/cakephp/cakephp/src/Error/Middleware/ErrorHandlerMiddleware.php(92): Cake\Http\Runner->__invoke(Object(Cake\Http\ServerRequest), Object(Cake\Http\Response))
#11 /home/gustavo/projects/thh-app-backend/vendor/cakephp/cakephp/src/Http/Runner.php(65): Cake\Error\Middleware\ErrorHandlerMiddleware->__invoke(Object(Cake\Http\ServerRequest), Object(Cake\Http\Response), Object(Cake\Http\Runner))
#12 /home/gustavo/projects/thh-app-backend/vendor/cakephp/debug_kit/src/Middleware/DebugKitMiddleware.php(52): Cake\Http\Runner->__invoke(Object(Cake\Http\ServerRequest), Object(Cake\Http\Response))
#13 /home/gustavo/projects/thh-app-backend/vendor/cakephp/cakephp/src/Http/Runner.php(65): DebugKit\Middleware\DebugKitMiddleware->__invoke(Object(Cake\Http\ServerRequest), Object(Cake\Http\Response), Object(Cake\Http\Runner))
#14 /home/gustavo/projects/thh-app-backend/vendor/cakephp/cakephp/src/Http/Runner.php(51): Cake\Http\Runner->__invoke(Object(Cake\Http\ServerRequest), Object(Cake\Http\Response))
#15 /home/gustavo/projects/thh-app-backend/vendor/cakephp/cakephp/src/Http/Server.php(80): Cake\Http\Runner->run(Object(Cake\Http\MiddlewareQueue), Object(Cake\Http\ServerRequest), Object(Cake\Http\Response))
#16 /home/gustavo/projects/thh-app-backend/webroot/index.php(37): Cake\Http\Server->run()
#17 {main}


2017-06-21 20:33:15 Error: [Cake\View\Exception\MissingTemplateException] Template file "Api/index.ctp" is missing.
Exception Attributes: array (
  'file' => 'Api/index.ctp',
)
Request URL: /users
Stack Trace:
#0 /home/gustavo/projects/thh-app-backend/vendor/cakephp/cakephp/src/View/View.php(606): Cake\View\View->_getViewFileName(NULL)
#1 /home/gustavo/projects/thh-app-backend/vendor/cakephp/cakephp/src/Controller/Controller.php(623): Cake\View\View->render(NULL, NULL)
#2 /home/gustavo/projects/thh-app-backend/vendor/cakephp/cakephp/src/Http/ActionDispatcher.php(125): Cake\Controller\Controller->render()
#3 /home/gustavo/projects/thh-app-backend/vendor/cakephp/cakephp/src/Http/ActionDispatcher.php(93): Cake\Http\ActionDispatcher->_invoke(Object(App\Controller\ApiController))
#4 /home/gustavo/projects/thh-app-backend/vendor/cakephp/cakephp/src/Http/BaseApplication.php(78): Cake\Http\ActionDispatcher->dispatch(Object(Cake\Http\ServerRequest), Object(Cake\Http\Response))
#5 /home/gustavo/projects/thh-app-backend/vendor/cakephp/cakephp/src/Http/Runner.php(65): Cake\Http\BaseApplication->__invoke(Object(Cake\Http\ServerRequest), Object(Cake\Http\Response), Object(Cake\Http\Runner))
#6 /home/gustavo/projects/thh-app-backend/vendor/cakephp/cakephp/src/Routing/Middleware/RoutingMiddleware.php(59): Cake\Http\Runner->__invoke(Object(Cake\Http\ServerRequest), Object(Cake\Http\Response))
#7 /home/gustavo/projects/thh-app-backend/vendor/cakephp/cakephp/src/Http/Runner.php(65): Cake\Routing\Middleware\RoutingMiddleware->__invoke(Object(Cake\Http\ServerRequest), Object(Cake\Http\Response), Object(Cake\Http\Runner))
#8 /home/gustavo/projects/thh-app-backend/vendor/cakephp/cakephp/src/Routing/Middleware/AssetMiddleware.php(88): Cake\Http\Runner->__invoke(Object(Cake\Http\ServerRequest), Object(Cake\Http\Response))
#9 /home/gustavo/projects/thh-app-backend/vendor/cakephp/cakephp/src/Http/Runner.php(65): Cake\Routing\Middleware\AssetMiddleware->__invoke(Object(Cake\Http\ServerRequest), Object(Cake\Http\Response), Object(Cake\Http\Runner))
#10 /home/gustavo/projects/thh-app-backend/vendor/cakephp/cakephp/src/Error/Middleware/ErrorHandlerMiddleware.php(92): Cake\Http\Runner->__invoke(Object(Cake\Http\ServerRequest), Object(Cake\Http\Response))
#11 /home/gustavo/projects/thh-app-backend/vendor/cakephp/cakephp/src/Http/Runner.php(65): Cake\Error\Middleware\ErrorHandlerMiddleware->__invoke(Object(Cake\Http\ServerRequest), Object(Cake\Http\Response), Object(Cake\Http\Runner))
#12 /home/gustavo/projects/thh-app-backend/vendor/cakephp/debug_kit/src/Middleware/DebugKitMiddleware.php(52): Cake\Http\Runner->__invoke(Object(Cake\Http\ServerRequest), Object(Cake\Http\Response))
#13 /home/gustavo/projects/thh-app-backend/vendor/cakephp/cakephp/src/Http/Runner.php(65): DebugKit\Middleware\DebugKitMiddleware->__invoke(Object(Cake\Http\ServerRequest), Object(Cake\Http\Response), Object(Cake\Http\Runner))
#14 /home/gustavo/projects/thh-app-backend/vendor/cakephp/cakephp/src/Http/Runner.php(51): Cake\Http\Runner->__invoke(Object(Cake\Http\ServerRequest), Object(Cake\Http\Response))
#15 /home/gustavo/projects/thh-app-backend/vendor/cakephp/cakephp/src/Http/Server.php(80): Cake\Http\Runner->run(Object(Cake\Http\MiddlewareQueue), Object(Cake\Http\ServerRequest), Object(Cake\Http\Response))
#16 /home/gustavo/projects/thh-app-backend/webroot/index.php(37): Cake\Http\Server->run()
#17 {main}


2017-06-21 20:36:02 Warning: Warning (4096): Argument 1 passed to App\Controller\ApiController::beforeRender() must be an instance of App\Controller\Event, instance of Cake\Event\Event given, called in /home/gustavo/projects/thh-app-backend/vendor/cakephp/cakephp/src/Event/EventManager.php on line 414 and defined in [/home/gustavo/projects/thh-app-backend/src/Controller/ApiController.php, line 32]
Request URL: /users
Client IP: 127.0.0.1
Trace:
Cake\Error\BaseErrorHandler::handleError() - CORE/src/Error/BaseErrorHandler.php, line 153
App\Controller\ApiController::beforeRender() - APP/Controller/ApiController.php, line 32
Cake\Event\EventManager::_callListener() - CORE/src/Event/EventManager.php, line 414
Cake\Event\EventManager::dispatch() - CORE/src/Event/EventManager.php, line 391
Cake\Controller\Controller::dispatchEvent() - CORE/src/Event/EventDispatcherTrait.php, line 78
Cake\Controller\Controller::render() - CORE/src/Controller/Controller.php, line 610
Cake\Http\ActionDispatcher::_invoke() - CORE/src/Http/ActionDispatcher.php, line 125
Cake\Http\ActionDispatcher::dispatch() - CORE/src/Http/ActionDispatcher.php, line 93
Cake\Http\BaseApplication::__invoke() - CORE/src/Http/BaseApplication.php, line 78
Cake\Http\Runner::__invoke() - CORE/src/Http/Runner.php, line 65
Cake\Routing\Middleware\RoutingMiddleware::__invoke() - CORE/src/Routing/Middleware/RoutingMiddleware.php, line 59
Cake\Http\Runner::__invoke() - CORE/src/Http/Runner.php, line 65
Cake\Routing\Middleware\AssetMiddleware::__invoke() - CORE/src/Routing/Middleware/AssetMiddleware.php, line 88
Cake\Http\Runner::__invoke() - CORE/src/Http/Runner.php, line 65
Cake\Error\Middleware\ErrorHandlerMiddleware::__invoke() - CORE/src/Error/Middleware/ErrorHandlerMiddleware.php, line 92
Cake\Http\Runner::__invoke() - CORE/src/Http/Runner.php, line 65
DebugKit\Middleware\DebugKitMiddleware::__invoke() - ROOT/vendor/cakephp/debug_kit/src/Middleware/DebugKitMiddleware.php, line 52
Cake\Http\Runner::__invoke() - CORE/src/Http/Runner.php, line 65
Cake\Http\Runner::run() - CORE/src/Http/Runner.php, line 51
Cake\Http\Server::run() - CORE/src/Http/Server.php, line 80
[main] - ROOT/webroot/index.php, line 37



2017-06-21 20:36:02 Warning: Warning (512): Unable to emit headers. Headers sent in file=/home/gustavo/projects/thh-app-backend/vendor/cakephp/cakephp/src/Error/Debugger.php line=822 in [/home/gustavo/projects/thh-app-backend/vendor/cakephp/cakephp/src/Http/ResponseEmitter.php, line 48]
Request URL: /users
Client IP: 127.0.0.1
Trace:
Cake\Error\BaseErrorHandler::handleError() - CORE/src/Error/BaseErrorHandler.php, line 153
Cake\Http\ResponseEmitter::emit() - CORE/src/Http/ResponseEmitter.php, line 48
Cake\Http\Server::emit() - CORE/src/Http/Server.php, line 105
[main] - ROOT/webroot/index.php, line 37



2017-06-21 20:36:02 Warning: Warning (2): Cannot modify header information - headers already sent by (output started at /home/gustavo/projects/thh-app-backend/vendor/cakephp/cakephp/src/Error/Debugger.php:822) in [/home/gustavo/projects/thh-app-backend/vendor/cakephp/cakephp/src/Http/ResponseEmitter.php, line 149]
Request URL: /users
Client IP: 127.0.0.1
Trace:
Cake\Error\BaseErrorHandler::handleError() - CORE/src/Error/BaseErrorHandler.php, line 153
header - [internal], line ??
Cake\Http\ResponseEmitter::emitStatusLine() - CORE/src/Http/ResponseEmitter.php, line 149
Cake\Http\ResponseEmitter::emit() - CORE/src/Http/ResponseEmitter.php, line 54
Cake\Http\Server::emit() - CORE/src/Http/Server.php, line 105
[main] - ROOT/webroot/index.php, line 37



2017-06-21 20:36:02 Warning: Warning (2): Cannot modify header information - headers already sent by (output started at /home/gustavo/projects/thh-app-backend/vendor/cakephp/cakephp/src/Error/Debugger.php:822) in [/home/gustavo/projects/thh-app-backend/vendor/cakephp/cakephp/src/Http/ResponseEmitter.php, line 181]
Request URL: /users
Client IP: 127.0.0.1
Trace:
Cake\Error\BaseErrorHandler::handleError() - CORE/src/Error/BaseErrorHandler.php, line 153
header - [internal], line ??
Cake\Http\ResponseEmitter::emitHeaders() - CORE/src/Http/ResponseEmitter.php, line 181
Cake\Http\ResponseEmitter::emit() - CORE/src/Http/ResponseEmitter.php, line 55
Cake\Http\Server::emit() - CORE/src/Http/Server.php, line 105
[main] - ROOT/webroot/index.php, line 37



2017-06-21 20:37:37 Warning: Warning (4096): Argument 1 passed to App\Controller\ApiController::beforeRender() must be an instance of App\Controller\Event, instance of Cake\Event\Event given, called in /home/gustavo/projects/thh-app-backend/vendor/cakephp/cakephp/src/Event/EventManager.php on line 414 and defined in [/home/gustavo/projects/thh-app-backend/src/Controller/ApiController.php, line 32]
Request URL: /users
Client IP: 127.0.0.1
Trace:
Cake\Error\BaseErrorHandler::handleError() - CORE/src/Error/BaseErrorHandler.php, line 153
App\Controller\ApiController::beforeRender() - APP/Controller/ApiController.php, line 32
Cake\Event\EventManager::_callListener() - CORE/src/Event/EventManager.php, line 414
Cake\Event\EventManager::dispatch() - CORE/src/Event/EventManager.php, line 391
Cake\Controller\Controller::dispatchEvent() - CORE/src/Event/EventDispatcherTrait.php, line 78
Cake\Controller\Controller::render() - CORE/src/Controller/Controller.php, line 610
Cake\Http\ActionDispatcher::_invoke() - CORE/src/Http/ActionDispatcher.php, line 125
Cake\Http\ActionDispatcher::dispatch() - CORE/src/Http/ActionDispatcher.php, line 93
Cake\Http\BaseApplication::__invoke() - CORE/src/Http/BaseApplication.php, line 78
Cake\Http\Runner::__invoke() - CORE/src/Http/Runner.php, line 65
Cake\Routing\Middleware\RoutingMiddleware::__invoke() - CORE/src/Routing/Middleware/RoutingMiddleware.php, line 59
Cake\Http\Runner::__invoke() - CORE/src/Http/Runner.php, line 65
Cake\Routing\Middleware\AssetMiddleware::__invoke() - CORE/src/Routing/Middleware/AssetMiddleware.php, line 88
Cake\Http\Runner::__invoke() - CORE/src/Http/Runner.php, line 65
Cake\Error\Middleware\ErrorHandlerMiddleware::__invoke() - CORE/src/Error/Middleware/ErrorHandlerMiddleware.php, line 92
Cake\Http\Runner::__invoke() - CORE/src/Http/Runner.php, line 65
DebugKit\Middleware\DebugKitMiddleware::__invoke() - ROOT/vendor/cakephp/debug_kit/src/Middleware/DebugKitMiddleware.php, line 52
Cake\Http\Runner::__invoke() - CORE/src/Http/Runner.php, line 65
Cake\Http\Runner::run() - CORE/src/Http/Runner.php, line 51
Cake\Http\Server::run() - CORE/src/Http/Server.php, line 80
[main] - ROOT/webroot/index.php, line 37



2017-06-21 20:37:37 Warning: Warning (512): Unable to emit headers. Headers sent in file=/home/gustavo/projects/thh-app-backend/vendor/cakephp/cakephp/src/Error/Debugger.php line=822 in [/home/gustavo/projects/thh-app-backend/vendor/cakephp/cakephp/src/Http/ResponseEmitter.php, line 48]
Request URL: /users
Client IP: 127.0.0.1
Trace:
Cake\Error\BaseErrorHandler::handleError() - CORE/src/Error/BaseErrorHandler.php, line 153
Cake\Http\ResponseEmitter::emit() - CORE/src/Http/ResponseEmitter.php, line 48
Cake\Http\Server::emit() - CORE/src/Http/Server.php, line 105
[main] - ROOT/webroot/index.php, line 37



2017-06-21 20:37:37 Warning: Warning (2): Cannot modify header information - headers already sent by (output started at /home/gustavo/projects/thh-app-backend/vendor/cakephp/cakephp/src/Error/Debugger.php:822) in [/home/gustavo/projects/thh-app-backend/vendor/cakephp/cakephp/src/Http/ResponseEmitter.php, line 149]
Request URL: /users
Client IP: 127.0.0.1
Trace:
Cake\Error\BaseErrorHandler::handleError() - CORE/src/Error/BaseErrorHandler.php, line 153
header - [internal], line ??
Cake\Http\ResponseEmitter::emitStatusLine() - CORE/src/Http/ResponseEmitter.php, line 149
Cake\Http\ResponseEmitter::emit() - CORE/src/Http/ResponseEmitter.php, line 54
Cake\Http\Server::emit() - CORE/src/Http/Server.php, line 105
[main] - ROOT/webroot/index.php, line 37



2017-06-21 20:37:37 Warning: Warning (2): Cannot modify header information - headers already sent by (output started at /home/gustavo/projects/thh-app-backend/vendor/cakephp/cakephp/src/Error/Debugger.php:822) in [/home/gustavo/projects/thh-app-backend/vendor/cakephp/cakephp/src/Http/ResponseEmitter.php, line 181]
Request URL: /users
Client IP: 127.0.0.1
Trace:
Cake\Error\BaseErrorHandler::handleError() - CORE/src/Error/BaseErrorHandler.php, line 153
header - [internal], line ??
Cake\Http\ResponseEmitter::emitHeaders() - CORE/src/Http/ResponseEmitter.php, line 181
Cake\Http\ResponseEmitter::emit() - CORE/src/Http/ResponseEmitter.php, line 55
Cake\Http\Server::emit() - CORE/src/Http/Server.php, line 105
[main] - ROOT/webroot/index.php, line 37



2017-06-21 20:38:22 Warning: Warning (4096): Argument 1 passed to App\Controller\ApiController::beforeRender() must be an instance of App\Controller\Event, instance of Cake\Event\Event given, called in /home/gustavo/projects/thh-app-backend/vendor/cakephp/cakephp/src/Event/EventManager.php on line 414 and defined in [/home/gustavo/projects/thh-app-backend/src/Controller/ApiController.php, line 25]
Request URL: /users
Client IP: 127.0.0.1
Trace:
Cake\Error\BaseErrorHandler::handleError() - CORE/src/Error/BaseErrorHandler.php, line 153
App\Controller\ApiController::beforeRender() - APP/Controller/ApiController.php, line 25
Cake\Event\EventManager::_callListener() - CORE/src/Event/EventManager.php, line 414
Cake\Event\EventManager::dispatch() - CORE/src/Event/EventManager.php, line 391
Cake\Controller\Controller::dispatchEvent() - CORE/src/Event/EventDispatcherTrait.php, line 78
Cake\Controller\Controller::render() - CORE/src/Controller/Controller.php, line 610
Cake\Http\ActionDispatcher::_invoke() - CORE/src/Http/ActionDispatcher.php, line 125
Cake\Http\ActionDispatcher::dispatch() - CORE/src/Http/ActionDispatcher.php, line 93
Cake\Http\BaseApplication::__invoke() - CORE/src/Http/BaseApplication.php, line 78
Cake\Http\Runner::__invoke() - CORE/src/Http/Runner.php, line 65
Cake\Routing\Middleware\RoutingMiddleware::__invoke() - CORE/src/Routing/Middleware/RoutingMiddleware.php, line 59
Cake\Http\Runner::__invoke() - CORE/src/Http/Runner.php, line 65
Cake\Routing\Middleware\AssetMiddleware::__invoke() - CORE/src/Routing/Middleware/AssetMiddleware.php, line 88
Cake\Http\Runner::__invoke() - CORE/src/Http/Runner.php, line 65
Cake\Error\Middleware\ErrorHandlerMiddleware::__invoke() - CORE/src/Error/Middleware/ErrorHandlerMiddleware.php, line 92
Cake\Http\Runner::__invoke() - CORE/src/Http/Runner.php, line 65
DebugKit\Middleware\DebugKitMiddleware::__invoke() - ROOT/vendor/cakephp/debug_kit/src/Middleware/DebugKitMiddleware.php, line 52
Cake\Http\Runner::__invoke() - CORE/src/Http/Runner.php, line 65
Cake\Http\Runner::run() - CORE/src/Http/Runner.php, line 51
Cake\Http\Server::run() - CORE/src/Http/Server.php, line 80
[main] - ROOT/webroot/index.php, line 37



2017-06-21 20:38:23 Warning: Warning (512): Unable to emit headers. Headers sent in file=/home/gustavo/projects/thh-app-backend/vendor/cakephp/cakephp/src/Error/Debugger.php line=822 in [/home/gustavo/projects/thh-app-backend/vendor/cakephp/cakephp/src/Http/ResponseEmitter.php, line 48]
Request URL: /users
Client IP: 127.0.0.1
Trace:
Cake\Error\BaseErrorHandler::handleError() - CORE/src/Error/BaseErrorHandler.php, line 153
Cake\Http\ResponseEmitter::emit() - CORE/src/Http/ResponseEmitter.php, line 48
Cake\Http\Server::emit() - CORE/src/Http/Server.php, line 105
[main] - ROOT/webroot/index.php, line 37



2017-06-21 20:38:23 Warning: Warning (2): Cannot modify header information - headers already sent by (output started at /home/gustavo/projects/thh-app-backend/vendor/cakephp/cakephp/src/Error/Debugger.php:822) in [/home/gustavo/projects/thh-app-backend/vendor/cakephp/cakephp/src/Http/ResponseEmitter.php, line 149]
Request URL: /users
Client IP: 127.0.0.1
Trace:
Cake\Error\BaseErrorHandler::handleError() - CORE/src/Error/BaseErrorHandler.php, line 153
header - [internal], line ??
Cake\Http\ResponseEmitter::emitStatusLine() - CORE/src/Http/ResponseEmitter.php, line 149
Cake\Http\ResponseEmitter::emit() - CORE/src/Http/ResponseEmitter.php, line 54
Cake\Http\Server::emit() - CORE/src/Http/Server.php, line 105
[main] - ROOT/webroot/index.php, line 37



2017-06-21 20:38:23 Warning: Warning (2): Cannot modify header information - headers already sent by (output started at /home/gustavo/projects/thh-app-backend/vendor/cakephp/cakephp/src/Error/Debugger.php:822) in [/home/gustavo/projects/thh-app-backend/vendor/cakephp/cakephp/src/Http/ResponseEmitter.php, line 181]
Request URL: /users
Client IP: 127.0.0.1
Trace:
Cake\Error\BaseErrorHandler::handleError() - CORE/src/Error/BaseErrorHandler.php, line 153
header - [internal], line ??
Cake\Http\ResponseEmitter::emitHeaders() - CORE/src/Http/ResponseEmitter.php, line 181
Cake\Http\ResponseEmitter::emit() - CORE/src/Http/ResponseEmitter.php, line 55
Cake\Http\Server::emit() - CORE/src/Http/Server.php, line 105
[main] - ROOT/webroot/index.php, line 37



